#
# There is insufficient memory for the Java Runtime Environment to continue.
# Native memory allocation (malloc) failed to allocate 920896 bytes for Chunk::new
# Possible reasons:
#   The system is out of physical RAM or swap space
#   The process is running with CompressedOops enabled, and the Java Heap may be blocking the growth of the native heap
# Possible solutions:
#   Reduce memory load on the system
#   Increase physical memory or swap space
#   Check if swap backing store is full
#   Decrease Java heap size (-Xmx/-Xms)
#   Decrease number of Java threads
#   Decrease Java thread stack sizes (-Xss)
#   Set larger code cache with -XX:ReservedCodeCacheSize=
#   JVM is running with Unscaled Compressed Oops mode in which the Java heap is
#     placed in the first 4GB address space. The Java Heap base address is the
#     maximum limit for the native heap growth. Please use -XX:HeapBaseMinAddress
#     to set the Java Heap base and to place the Java Heap above 4GB virtual address.
# This output file may be truncated or incomplete.
#
#  Out of Memory Error (arena.cpp:189), pid=5932, tid=17156
#
# JRE version: OpenJDK Runtime Environment Corretto-17.0.5.8.1 (17.0.5+8) (build 17.0.5+8-LTS)
# Java VM: OpenJDK 64-Bit Server VM Corretto-17.0.5.8.1 (17.0.5+8-LTS, mixed mode, sharing, tiered, compressed oops, compressed class ptrs, g1 gc, windows-amd64)
# No core dump will be written. Minidumps are not enabled by default on client versions of Windows
#

---------------  S U M M A R Y ------------

Command Line: --add-opens=java.base/java.util=ALL-UNNAMED --add-opens=java.base/java.lang=ALL-UNNAMED --add-opens=java.base/java.lang.invoke=ALL-UNNAMED --add-opens=java.prefs/java.util.prefs=ALL-UNNAMED --add-opens=java.base/java.nio.charset=ALL-UNNAMED --add-opens=java.base/java.net=ALL-UNNAMED --add-opens=java.base/java.util.concurrent.atomic=ALL-UNNAMED -XX:MaxMetaspaceSize=384m -XX:+HeapDumpOnOutOfMemoryError -Xms256m -Xmx512m -Dfile.encoding=windows-31j -Duser.country=JP -Duser.language=ja -Duser.variant -javaagent:C:\Users\abch9\.gradle\wrapper\dists\gradle-8.5-bin\5t9huq95ubn472n8rpzujfbqh\gradle-8.5\lib\agents\gradle-instrumentation-agent-8.5.jar org.gradle.launcher.daemon.bootstrap.GradleDaemon 8.5

Host: AMD Ryzen 5 Microsoft Surface (R) Edition, 8 cores, 5G,  Windows 11 , 64 bit Build 22621 (10.0.22621.2506)
Time: Sat Jan 27 22:47:16 2024  Windows 11 , 64 bit Build 22621 (10.0.22621.2506) elapsed time: 32.418246 seconds (0d 0h 0m 32s)

---------------  T H R E A D  ---------------

Current thread (0x000002082646cbf0):  JavaThread "C2 CompilerThread0" daemon [_thread_in_native, id=17156, stack(0x000000879ae00000,0x000000879af00000)]


Current CompileTask:
C2:  32418 12570 %     4       org.gradle.internal.instantiation.generator.AbstractClassGenerator::inspectType @ 250 (560 bytes)

Stack: [0x000000879ae00000,0x000000879af00000]
Native frames: (J=compiled Java code, j=interpreted, Vv=VM code, C=native code)
V  [jvm.dll+0x646e0a]
V  [jvm.dll+0x7f7f14]
V  [jvm.dll+0x7f96ce]
V  [jvm.dll+0x7f9d23]
V  [jvm.dll+0x234c98]
V  [jvm.dll+0xbccfc]
V  [jvm.dll+0xbd2dc]
V  [jvm.dll+0x29be82]
V  [jvm.dll+0x5538e8]
V  [jvm.dll+0x21176b]
V  [jvm.dll+0x20aeb0]
V  [jvm.dll+0x208722]
V  [jvm.dll+0x198a9d]
V  [jvm.dll+0x217bdd]
V  [jvm.dll+0x215e24]
V  [jvm.dll+0x7b06ab]
V  [jvm.dll+0x7aac5a]
V  [jvm.dll+0x645cd5]
C  [ucrtbase.dll+0x29363]
C  [KERNEL32.DLL+0x1257d]
C  [ntdll.dll+0x5aa58]


---------------  P R O C E S S  ---------------

Threads class SMR info:
_java_thread_list=0x000002082947f230, length=53, elements={
0x000002080b91a0b0, 0x000002082644cf70, 0x000002082644e580, 0x0000020826466180,
0x0000020826466c40, 0x0000020826468fa0, 0x000002082646be60, 0x000002082646cbf0,
0x0000020826473340, 0x0000020826478c60, 0x00000208270b0400, 0x0000020827165400,
0x0000020828d76830, 0x00000208285fa740, 0x00000208288ba300, 0x00000208283bd310,
0x0000020828468b80, 0x0000020828d0f130, 0x0000020828d0f600, 0x0000020828440780,
0x0000020828cc3700, 0x0000020828ccf1d0, 0x0000020828ab6140, 0x0000020828ab6610,
0x0000020828ab82f0, 0x0000020828ab7e20, 0x0000020828ab87c0, 0x0000020828ab6ae0,
0x0000020828ab7480, 0x0000020828ab5c70, 0x0000020828ab8c90, 0x0000020828ab9160,
0x0000020828ab57a0, 0x0000020828ab6fb0, 0x0000020828ab7950, 0x000002082b00d810,
0x000002082b00f4f0, 0x000002082b00dce0, 0x000002082b00c9a0, 0x000002082b00bb30,
0x000002082b00c4d0, 0x000002082b00a7f0, 0x000002082b00eb50, 0x000002082b009e50,
0x000002082b00ce70, 0x000002082b00d340, 0x000002082b00fe90, 0x000002082b00e1b0,
0x000002082b00e680, 0x000002082b0094b0, 0x000002082b00f020, 0x000002082b008640,
0x000002082b00b660
}

Java Threads: ( => current thread )
  0x000002080b91a0b0 JavaThread "main" [_thread_blocked, id=6076, stack(0x000000879a100000,0x000000879a200000)]
  0x000002082644cf70 JavaThread "Reference Handler" daemon [_thread_blocked, id=14584, stack(0x000000879a800000,0x000000879a900000)]
  0x000002082644e580 JavaThread "Finalizer" daemon [_thread_blocked, id=15328, stack(0x000000879a900000,0x000000879aa00000)]
  0x0000020826466180 JavaThread "Signal Dispatcher" daemon [_thread_blocked, id=12704, stack(0x000000879aa00000,0x000000879ab00000)]
  0x0000020826466c40 JavaThread "Attach Listener" daemon [_thread_blocked, id=16792, stack(0x000000879ab00000,0x000000879ac00000)]
  0x0000020826468fa0 JavaThread "Service Thread" daemon [_thread_blocked, id=13676, stack(0x000000879ac00000,0x000000879ad00000)]
  0x000002082646be60 JavaThread "Monitor Deflation Thread" daemon [_thread_blocked, id=15516, stack(0x000000879ad00000,0x000000879ae00000)]
=>0x000002082646cbf0 JavaThread "C2 CompilerThread0" daemon [_thread_in_native, id=17156, stack(0x000000879ae00000,0x000000879af00000)]
  0x0000020826473340 JavaThread "C1 CompilerThread0" daemon [_thread_blocked, id=17368, stack(0x000000879af00000,0x000000879b000000)]
  0x0000020826478c60 JavaThread "Sweeper thread" daemon [_thread_blocked, id=15872, stack(0x000000879b000000,0x000000879b100000)]
  0x00000208270b0400 JavaThread "Common-Cleaner" daemon [_thread_blocked, id=8788, stack(0x000000879b100000,0x000000879b200000)]
  0x0000020827165400 JavaThread "Notification Thread" daemon [_thread_blocked, id=8932, stack(0x000000879b200000,0x000000879b300000)]
  0x0000020828d76830 JavaThread "Daemon health stats" [_thread_blocked, id=17308, stack(0x000000879b900000,0x000000879ba00000)]
  0x00000208285fa740 JavaThread "Incoming local TCP Connector on port 55765" [_thread_in_native, id=8796, stack(0x000000879ba00000,0x000000879bb00000)]
  0x00000208288ba300 JavaThread "Daemon periodic checks" [_thread_blocked, id=17332, stack(0x000000879bb00000,0x000000879bc00000)]
  0x00000208283bd310 JavaThread "Daemon" [_thread_blocked, id=7632, stack(0x000000879bc00000,0x000000879bd00000)]
  0x0000020828468b80 JavaThread "Handler for socket connection from /127.0.0.1:55765 to /127.0.0.1:55766" [_thread_in_native, id=5116, stack(0x000000879bd00000,0x000000879be00000)]
  0x0000020828d0f130 JavaThread "Cancel handler" [_thread_blocked, id=16048, stack(0x000000879be00000,0x000000879bf00000)]
  0x0000020828d0f600 JavaThread "Daemon worker" [_thread_in_native, id=12144, stack(0x000000879bf00000,0x000000879c000000)]
  0x0000020828440780 JavaThread "Asynchronous log dispatcher for DefaultDaemonConnection: socket connection from /127.0.0.1:55765 to /127.0.0.1:55766" [_thread_blocked, id=4592, stack(0x000000879c000000,0x000000879c100000)]
  0x0000020828cc3700 JavaThread "Stdin handler" [_thread_blocked, id=5988, stack(0x000000879c100000,0x000000879c200000)]
  0x0000020828ccf1d0 JavaThread "Daemon client event forwarder" [_thread_blocked, id=5096, stack(0x000000879c200000,0x000000879c300000)]
  0x0000020828ab6140 JavaThread "Cache worker for journal cache (C:\Users\abch9\.gradle\caches\journal-1)" [_thread_blocked, id=6280, stack(0x000000879c300000,0x000000879c400000)]
  0x0000020828ab6610 JavaThread "File lock request listener" [_thread_in_native, id=14680, stack(0x000000879c400000,0x000000879c500000)]
  0x0000020828ab82f0 JavaThread "Cache worker for file hash cache (C:\Users\abch9\.gradle\caches\8.5\fileHashes)" [_thread_blocked, id=13900, stack(0x000000879c500000,0x000000879c600000)]
  0x0000020828ab7e20 JavaThread "File watcher server" daemon [_thread_in_native, id=8204, stack(0x000000879c600000,0x000000879c700000)]
  0x0000020828ab87c0 JavaThread "File watcher consumer" daemon [_thread_blocked, id=12584, stack(0x000000879c700000,0x000000879c800000)]
  0x0000020828ab6ae0 JavaThread "jar transforms" [_thread_blocked, id=9244, stack(0x000000879c800000,0x000000879c900000)]
  0x0000020828ab7480 JavaThread "jar transforms Thread 2" [_thread_blocked, id=8208, stack(0x000000879c900000,0x000000879ca00000)]
  0x0000020828ab5c70 JavaThread "jar transforms Thread 3" [_thread_blocked, id=12212, stack(0x000000879ca00000,0x000000879cb00000)]
  0x0000020828ab8c90 JavaThread "jar transforms Thread 4" [_thread_blocked, id=15036, stack(0x000000879cb00000,0x000000879cc00000)]
  0x0000020828ab9160 JavaThread "jar transforms Thread 5" [_thread_blocked, id=492, stack(0x000000879cc00000,0x000000879cd00000)]
  0x0000020828ab57a0 JavaThread "jar transforms Thread 6" [_thread_blocked, id=13140, stack(0x000000879cd00000,0x000000879ce00000)]
  0x0000020828ab6fb0 JavaThread "jar transforms Thread 7" [_thread_blocked, id=16108, stack(0x000000879ce00000,0x000000879cf00000)]
  0x0000020828ab7950 JavaThread "jar transforms Thread 8" [_thread_blocked, id=6580, stack(0x000000879cf00000,0x000000879d000000)]
  0x000002082b00d810 JavaThread "Cache worker for checksums cache (D:\develop\com-chigirh-knowledge-back\.gradle\8.5\checksums)" [_thread_blocked, id=16352, stack(0x000000879d300000,0x000000879d400000)]
  0x000002082b00f4f0 JavaThread "Cache worker for file hash cache (D:\develop\com-chigirh-knowledge-back\.gradle\8.5\fileHashes)" [_thread_blocked, id=7460, stack(0x000000879d400000,0x000000879d500000)]
  0x000002082b00dce0 JavaThread "Cache worker for cache directory md-supplier (C:\Users\abch9\.gradle\caches\8.5\md-supplier)" [_thread_blocked, id=8512, stack(0x000000879d500000,0x000000879d600000)]
  0x000002082b00c9a0 JavaThread "Cache worker for cache directory md-rule (C:\Users\abch9\.gradle\caches\8.5\md-rule)" [_thread_blocked, id=6996, stack(0x000000879d600000,0x000000879d700000)]
  0x000002082b00bb30 JavaThread "Cache worker for file content cache (C:\Users\abch9\.gradle\caches\8.5\fileContent)" [_thread_blocked, id=2708, stack(0x000000879d700000,0x000000879d800000)]
  0x000002082b00c4d0 JavaThread "Cache worker for execution history cache (C:\Users\abch9\.gradle\caches\8.5\executionHistory)" [_thread_blocked, id=13860, stack(0x000000879d800000,0x000000879d900000)]
  0x000002082b00a7f0 JavaThread "Cache worker for kotlin-dsl (C:\Users\abch9\.gradle\caches\8.5\kotlin-dsl)" [_thread_blocked, id=6836, stack(0x000000879da00000,0x000000879db00000)]
  0x000002082b00eb50 JavaThread "Cache worker for dependencies-accessors (D:\develop\com-chigirh-knowledge-back\.gradle\8.5\dependencies-accessors)" [_thread_blocked, id=13016, stack(0x000000879db00000,0x000000879dc00000)]
  0x000002082b009e50 JavaThread "Cache worker for Build Output Cleanup Cache (D:\develop\com-chigirh-knowledge-back\.gradle\buildOutputCleanup)" [_thread_blocked, id=12224, stack(0x000000879dd00000,0x000000879de00000)]
  0x000002082b00ce70 JavaThread "Unconstrained build operations" [_thread_blocked, id=2812, stack(0x000000879e000000,0x000000879e100000)]
  0x000002082b00d340 JavaThread "Unconstrained build operations Thread 2" [_thread_blocked, id=16160, stack(0x000000879e100000,0x000000879e200000)]
  0x000002082b00fe90 JavaThread "Unconstrained build operations Thread 3" [_thread_blocked, id=16588, stack(0x000000879e200000,0x000000879e300000)]
  0x000002082b00e1b0 JavaThread "Unconstrained build operations Thread 4" [_thread_blocked, id=11032, stack(0x000000879e300000,0x000000879e400000)]
  0x000002082b00e680 JavaThread "Unconstrained build operations Thread 5" [_thread_blocked, id=17088, stack(0x000000879e400000,0x000000879e500000)]
  0x000002082b0094b0 JavaThread "Unconstrained build operations Thread 6" [_thread_blocked, id=2736, stack(0x000000879e500000,0x000000879e600000)]
  0x000002082b00f020 JavaThread "Unconstrained build operations Thread 7" [_thread_blocked, id=11092, stack(0x000000879e600000,0x000000879e700000)]
  0x000002082b008640 JavaThread "build event listener" [_thread_blocked, id=17220, stack(0x000000879e700000,0x000000879e800000)]
  0x000002082b00b660 JavaThread "Memory manager" [_thread_blocked, id=11832, stack(0x000000879e800000,0x000000879e900000)]

Other Threads:
  0x0000020826446c00 VMThread "VM Thread" [stack: 0x000000879a700000,0x000000879a800000] [id=2468]
  0x0000020827135cd0 WatcherThread [stack: 0x000000879b300000,0x000000879b400000] [id=6964]
  0x000002080b9488b0 GCTaskThread "GC Thread#0" [stack: 0x000000879a200000,0x000000879a300000] [id=14536]
  0x0000020827c3a140 GCTaskThread "GC Thread#1" [stack: 0x000000879b400000,0x000000879b500000] [id=13276]
  0x0000020827a83560 GCTaskThread "GC Thread#2" [stack: 0x000000879b500000,0x000000879b600000] [id=13100]
  0x0000020827a83810 GCTaskThread "GC Thread#3" [stack: 0x000000879b600000,0x000000879b700000] [id=15156]
  0x0000020827a8db50 GCTaskThread "GC Thread#4" [stack: 0x000000879b700000,0x000000879b800000] [id=13996]
  0x000002082735d670 GCTaskThread "GC Thread#5" [stack: 0x000000879b800000,0x000000879b900000] [id=8772]
  0x0000020828e43420 GCTaskThread "GC Thread#6" [stack: 0x000000879d000000,0x000000879d100000] [id=12708]
  0x0000020828e44f00 GCTaskThread "GC Thread#7" [stack: 0x000000879d100000,0x000000879d200000] [id=13708]
  0x000002080b94d7f0 ConcurrentGCThread "G1 Main Marker" [stack: 0x000000879a300000,0x000000879a400000] [id=11616]
  0x000002080b94ea40 ConcurrentGCThread "G1 Conc#0" [stack: 0x000000879a400000,0x000000879a500000] [id=6008]
  0x0000020828e44440 ConcurrentGCThread "G1 Conc#1" [stack: 0x000000879d200000,0x000000879d300000] [id=10800]
  0x000002080b9ddf50 ConcurrentGCThread "G1 Refine#0" [stack: 0x000000879a500000,0x000000879a600000] [id=4224]
  0x0000020827eca090 ConcurrentGCThread "G1 Refine#1" [stack: 0x000000879d900000,0x000000879da00000] [id=11000]
  0x000002082b72abe0 ConcurrentGCThread "G1 Refine#2" [stack: 0x000000879de00000,0x000000879df00000] [id=5280]
  0x000002082b72aec0 ConcurrentGCThread "G1 Refine#3" [stack: 0x000000879df00000,0x000000879e000000] [id=7808]
  0x000002082fd0f610 ConcurrentGCThread "G1 Refine#4" [stack: 0x000000879dc00000,0x000000879dd00000] [id=16972]
  0x000002082fd0e4d0 ConcurrentGCThread "G1 Refine#5" [stack: 0x000000879e900000,0x000000879ea00000] [id=13072]
  0x000002082fd0f8f0 ConcurrentGCThread "G1 Refine#6" [stack: 0x000000879ea00000,0x000000879eb00000] [id=12176]
  0x000002082fd0f050 ConcurrentGCThread "G1 Refine#7" [stack: 0x000000879eb00000,0x000000879ec00000] [id=16148]
  0x000002080b9de970 ConcurrentGCThread "G1 Service" [stack: 0x000000879a600000,0x000000879a700000] [id=2800]

Threads with active compile tasks:
C2 CompilerThread0    32500 12570 %     4       org.gradle.internal.instantiation.generator.AbstractClassGenerator::inspectType @ 250 (560 bytes)

VM state: not at safepoint (normal execution)

VM Mutex/Monitor currently owned by a thread: None

Heap address: 0x00000000e0000000, size: 512 MB, Compressed Oops mode: 32-bit

CDS archive(s) mapped at: [0x0000000800000000-0x0000000800bc0000-0x0000000800bc0000), size 12320768, SharedBaseAddress: 0x0000000800000000, ArchiveRelocationMode: 0.
Compressed class space mapped at: 0x0000000800c00000-0x0000000814000000, reserved size: 322961408
Narrow klass base: 0x0000000800000000, Narrow klass shift: 0, Narrow klass range: 0x100000000

GC Precious Log:
 CPUs: 8 total, 8 available
 Memory: 6119M
 Large Page Support: Disabled
 NUMA Support: Disabled
 Compressed Oops: Enabled (32-bit)
 Heap Region Size: 1M
 Heap Min Capacity: 256M
 Heap Initial Capacity: 256M
 Heap Max Capacity: 512M
 Pre-touch: Disabled
 Parallel Workers: 8
 Concurrent Workers: 2
 Concurrent Refinement Workers: 8
 Periodic GC: Disabled

Heap:
 garbage-first heap   total 262144K, used 160112K [0x00000000e0000000, 0x0000000100000000)
  region size 1024K, 26 young (26624K), 3 survivors (3072K)
 Metaspace       used 120667K, committed 121472K, reserved 421888K
  class space    used 15620K, committed 16000K, reserved 315392K

Heap Regions: E=young(eden), S=young(survivor), O=old, HS=humongous(starts), HC=humongous(continues), CS=collection set, F=free, OA=open archive, CA=closed archive, TAMS=top-at-mark-start (previous, next)
|   0|0x00000000e0000000, 0x00000000e0100000, 0x00000000e0100000|100%|HS|  |TAMS 0x00000000e0100000, 0x00000000e0000000| Complete 
|   1|0x00000000e0100000, 0x00000000e0200000, 0x00000000e0200000|100%|HC|  |TAMS 0x00000000e0200000, 0x00000000e0100000| Complete 
|   2|0x00000000e0200000, 0x00000000e0300000, 0x00000000e0300000|100%|HC|  |TAMS 0x00000000e0300000, 0x00000000e0200000| Complete 
|   3|0x00000000e0300000, 0x00000000e0400000, 0x00000000e0400000|100%|HC|  |TAMS 0x00000000e0400000, 0x00000000e0300000| Complete 
|   4|0x00000000e0400000, 0x00000000e0500000, 0x00000000e0500000|100%| O|  |TAMS 0x00000000e0500000, 0x00000000e0400000| Untracked 
|   5|0x00000000e0500000, 0x00000000e0600000, 0x00000000e0600000|100%| O|  |TAMS 0x00000000e0600000, 0x00000000e0500000| Untracked 
|   6|0x00000000e0600000, 0x00000000e0700000, 0x00000000e0700000|100%| O|  |TAMS 0x00000000e0700000, 0x00000000e0600000| Untracked 
|   7|0x00000000e0700000, 0x00000000e0800000, 0x00000000e0800000|100%| O|  |TAMS 0x00000000e0800000, 0x00000000e0700000| Untracked 
|   8|0x00000000e0800000, 0x00000000e0900000, 0x00000000e0900000|100%| O|  |TAMS 0x00000000e0900000, 0x00000000e0800000| Untracked 
|   9|0x00000000e0900000, 0x00000000e0a00000, 0x00000000e0a00000|100%| O|  |TAMS 0x00000000e0a00000, 0x00000000e0900000| Untracked 
|  10|0x00000000e0a00000, 0x00000000e0b00000, 0x00000000e0b00000|100%| O|  |TAMS 0x00000000e0b00000, 0x00000000e0a00000| Untracked 
|  11|0x00000000e0b00000, 0x00000000e0c00000, 0x00000000e0c00000|100%| O|  |TAMS 0x00000000e0c00000, 0x00000000e0b00000| Untracked 
|  12|0x00000000e0c00000, 0x00000000e0d00000, 0x00000000e0d00000|100%|HS|  |TAMS 0x00000000e0d00000, 0x00000000e0c00000| Complete 
|  13|0x00000000e0d00000, 0x00000000e0e00000, 0x00000000e0e00000|100%|HC|  |TAMS 0x00000000e0e00000, 0x00000000e0d00000| Complete 
|  14|0x00000000e0e00000, 0x00000000e0f00000, 0x00000000e0f00000|100%|HS|  |TAMS 0x00000000e0f00000, 0x00000000e0e00000| Complete 
|  15|0x00000000e0f00000, 0x00000000e1000000, 0x00000000e1000000|100%|HC|  |TAMS 0x00000000e1000000, 0x00000000e0f00000| Complete 
|  16|0x00000000e1000000, 0x00000000e1100000, 0x00000000e1100000|100%|HC|  |TAMS 0x00000000e1100000, 0x00000000e1000000| Complete 
|  17|0x00000000e1100000, 0x00000000e1200000, 0x00000000e1200000|100%|HS|  |TAMS 0x00000000e1200000, 0x00000000e1100000| Complete 
|  18|0x00000000e1200000, 0x00000000e1300000, 0x00000000e1300000|100%|HC|  |TAMS 0x00000000e1300000, 0x00000000e1200000| Complete 
|  19|0x00000000e1300000, 0x00000000e1400000, 0x00000000e1400000|100%|HC|  |TAMS 0x00000000e1400000, 0x00000000e1300000| Complete 
|  20|0x00000000e1400000, 0x00000000e1500000, 0x00000000e1500000|100%|HS|  |TAMS 0x00000000e1500000, 0x00000000e1400000| Complete 
|  21|0x00000000e1500000, 0x00000000e1600000, 0x00000000e1600000|100%|HC|  |TAMS 0x00000000e1600000, 0x00000000e1500000| Complete 
|  22|0x00000000e1600000, 0x00000000e1700000, 0x00000000e1700000|100%|HC|  |TAMS 0x00000000e1700000, 0x00000000e1600000| Complete 
|  23|0x00000000e1700000, 0x00000000e1800000, 0x00000000e1800000|100%|HS|  |TAMS 0x00000000e1800000, 0x00000000e1700000| Complete 
|  24|0x00000000e1800000, 0x00000000e1900000, 0x00000000e1900000|100%|HC|  |TAMS 0x00000000e1900000, 0x00000000e1800000| Complete 
|  25|0x00000000e1900000, 0x00000000e1a00000, 0x00000000e1a00000|100%|HC|  |TAMS 0x00000000e1a00000, 0x00000000e1900000| Complete 
|  26|0x00000000e1a00000, 0x00000000e1b00000, 0x00000000e1b00000|100%| O|  |TAMS 0x00000000e1b00000, 0x00000000e1a00000| Untracked 
|  27|0x00000000e1b00000, 0x00000000e1c00000, 0x00000000e1c00000|100%| O|  |TAMS 0x00000000e1c00000, 0x00000000e1b00000| Untracked 
|  28|0x00000000e1c00000, 0x00000000e1d00000, 0x00000000e1d00000|100%| O|  |TAMS 0x00000000e1d00000, 0x00000000e1c00000| Untracked 
|  29|0x00000000e1d00000, 0x00000000e1e00000, 0x00000000e1e00000|100%| O|  |TAMS 0x00000000e1e00000, 0x00000000e1d00000| Untracked 
|  30|0x00000000e1e00000, 0x00000000e1f00000, 0x00000000e1f00000|100%| O|  |TAMS 0x00000000e1f00000, 0x00000000e1e00000| Untracked 
|  31|0x00000000e1f00000, 0x00000000e2000000, 0x00000000e2000000|100%| O|  |TAMS 0x00000000e2000000, 0x00000000e1f00000| Untracked 
|  32|0x00000000e2000000, 0x00000000e2100000, 0x00000000e2100000|100%| O|  |TAMS 0x00000000e2100000, 0x00000000e2000000| Untracked 
|  33|0x00000000e2100000, 0x00000000e2200000, 0x00000000e2200000|100%| O|  |TAMS 0x00000000e2200000, 0x00000000e2100000| Untracked 
|  34|0x00000000e2200000, 0x00000000e2300000, 0x00000000e2300000|100%| O|  |TAMS 0x00000000e2300000, 0x00000000e2200000| Untracked 
|  35|0x00000000e2300000, 0x00000000e2400000, 0x00000000e2400000|100%| O|  |TAMS 0x00000000e2400000, 0x00000000e2300000| Untracked 
|  36|0x00000000e2400000, 0x00000000e2500000, 0x00000000e2500000|100%| O|  |TAMS 0x00000000e2500000, 0x00000000e2400000| Untracked 
|  37|0x00000000e2500000, 0x00000000e2600000, 0x00000000e2600000|100%| O|  |TAMS 0x00000000e2600000, 0x00000000e2500000| Untracked 
|  38|0x00000000e2600000, 0x00000000e2700000, 0x00000000e2700000|100%| O|  |TAMS 0x00000000e2700000, 0x00000000e2600000| Untracked 
|  39|0x00000000e2700000, 0x00000000e2800000, 0x00000000e2800000|100%| O|  |TAMS 0x00000000e2800000, 0x00000000e2700000| Untracked 
|  40|0x00000000e2800000, 0x00000000e2900000, 0x00000000e2900000|100%| O|  |TAMS 0x00000000e2900000, 0x00000000e2800000| Untracked 
|  41|0x00000000e2900000, 0x00000000e2a00000, 0x00000000e2a00000|100%| O|  |TAMS 0x00000000e2a00000, 0x00000000e2900000| Untracked 
|  42|0x00000000e2a00000, 0x00000000e2b00000, 0x00000000e2b00000|100%| O|  |TAMS 0x00000000e2b00000, 0x00000000e2a00000| Untracked 
|  43|0x00000000e2b00000, 0x00000000e2c00000, 0x00000000e2c00000|100%| O|  |TAMS 0x00000000e2c00000, 0x00000000e2b00000| Untracked 
|  44|0x00000000e2c00000, 0x00000000e2d00000, 0x00000000e2d00000|100%| O|  |TAMS 0x00000000e2d00000, 0x00000000e2c00000| Untracked 
|  45|0x00000000e2d00000, 0x00000000e2e00000, 0x00000000e2e00000|100%| O|  |TAMS 0x00000000e2e00000, 0x00000000e2d00000| Untracked 
|  46|0x00000000e2e00000, 0x00000000e2f00000, 0x00000000e2f00000|100%| O|  |TAMS 0x00000000e2f00000, 0x00000000e2e00000| Untracked 
|  47|0x00000000e2f00000, 0x00000000e3000000, 0x00000000e3000000|100%| O|  |TAMS 0x00000000e3000000, 0x00000000e2f00000| Untracked 
|  48|0x00000000e3000000, 0x00000000e3100000, 0x00000000e3100000|100%| O|  |TAMS 0x00000000e3100000, 0x00000000e3000000| Untracked 
|  49|0x00000000e3100000, 0x00000000e3200000, 0x00000000e3200000|100%|HS|  |TAMS 0x00000000e3200000, 0x00000000e3100000| Complete 
|  50|0x00000000e3200000, 0x00000000e3300000, 0x00000000e3300000|100%|HC|  |TAMS 0x00000000e3300000, 0x00000000e3200000| Complete 
|  51|0x00000000e3300000, 0x00000000e3400000, 0x00000000e3400000|100%|HS|  |TAMS 0x00000000e3400000, 0x00000000e3300000| Complete 
|  52|0x00000000e3400000, 0x00000000e3500000, 0x00000000e3500000|100%|HC|  |TAMS 0x00000000e3500000, 0x00000000e3400000| Complete 
|  53|0x00000000e3500000, 0x00000000e3600000, 0x00000000e3600000|100%|HS|  |TAMS 0x00000000e3600000, 0x00000000e3500000| Complete 
|  54|0x00000000e3600000, 0x00000000e3700000, 0x00000000e3700000|100%|HC|  |TAMS 0x00000000e3700000, 0x00000000e3600000| Complete 
|  55|0x00000000e3700000, 0x00000000e3800000, 0x00000000e3800000|100%|HC|  |TAMS 0x00000000e3800000, 0x00000000e3700000| Complete 
|  56|0x00000000e3800000, 0x00000000e3900000, 0x00000000e3900000|100%|HC|  |TAMS 0x00000000e3900000, 0x00000000e3800000| Complete 
|  57|0x00000000e3900000, 0x00000000e3a00000, 0x00000000e3a00000|100%|HS|  |TAMS 0x00000000e3a00000, 0x00000000e3900000| Complete 
|  58|0x00000000e3a00000, 0x00000000e3b00000, 0x00000000e3b00000|100%|HC|  |TAMS 0x00000000e3b00000, 0x00000000e3a00000| Complete 
|  59|0x00000000e3b00000, 0x00000000e3c00000, 0x00000000e3c00000|100%|HC|  |TAMS 0x00000000e3c00000, 0x00000000e3b00000| Complete 
|  60|0x00000000e3c00000, 0x00000000e3d00000, 0x00000000e3d00000|100%|HC|  |TAMS 0x00000000e3d00000, 0x00000000e3c00000| Complete 
|  61|0x00000000e3d00000, 0x00000000e3e00000, 0x00000000e3e00000|100%| O|  |TAMS 0x00000000e3e00000, 0x00000000e3d00000| Untracked 
|  62|0x00000000e3e00000, 0x00000000e3f00000, 0x00000000e3f00000|100%| O|  |TAMS 0x00000000e3f00000, 0x00000000e3e00000| Untracked 
|  63|0x00000000e3f00000, 0x00000000e4000000, 0x00000000e4000000|100%| O|  |TAMS 0x00000000e4000000, 0x00000000e3f00000| Untracked 
|  64|0x00000000e4000000, 0x00000000e4100000, 0x00000000e4100000|100%| O|  |TAMS 0x00000000e4100000, 0x00000000e4000000| Untracked 
|  65|0x00000000e4100000, 0x00000000e4200000, 0x00000000e4200000|100%| O|  |TAMS 0x00000000e4200000, 0x00000000e4100000| Untracked 
|  66|0x00000000e4200000, 0x00000000e4300000, 0x00000000e4300000|100%| O|  |TAMS 0x00000000e4300000, 0x00000000e4200000| Untracked 
|  67|0x00000000e4300000, 0x00000000e4400000, 0x00000000e4400000|100%| O|  |TAMS 0x00000000e4400000, 0x00000000e4300000| Untracked 
|  68|0x00000000e4400000, 0x00000000e4500000, 0x00000000e4500000|100%| O|  |TAMS 0x00000000e4500000, 0x00000000e4400000| Untracked 
|  69|0x00000000e4500000, 0x00000000e4600000, 0x00000000e4600000|100%| O|  |TAMS 0x00000000e4600000, 0x00000000e4500000| Untracked 
|  70|0x00000000e4600000, 0x00000000e4700000, 0x00000000e4700000|100%| O|  |TAMS 0x00000000e4700000, 0x00000000e4600000| Untracked 
|  71|0x00000000e4700000, 0x00000000e4800000, 0x00000000e4800000|100%| O|  |TAMS 0x00000000e4800000, 0x00000000e4700000| Untracked 
|  72|0x00000000e4800000, 0x00000000e4900000, 0x00000000e4900000|100%| O|  |TAMS 0x00000000e4900000, 0x00000000e4800000| Untracked 
|  73|0x00000000e4900000, 0x00000000e4a00000, 0x00000000e4a00000|100%| O|  |TAMS 0x00000000e4a00000, 0x00000000e4900000| Untracked 
|  74|0x00000000e4a00000, 0x00000000e4b00000, 0x00000000e4b00000|100%|HS|  |TAMS 0x00000000e4b00000, 0x00000000e4a00000| Complete 
|  75|0x00000000e4b00000, 0x00000000e4c00000, 0x00000000e4c00000|100%|HC|  |TAMS 0x00000000e4c00000, 0x00000000e4b00000| Complete 
|  76|0x00000000e4c00000, 0x00000000e4d00000, 0x00000000e4d00000|100%|HC|  |TAMS 0x00000000e4d00000, 0x00000000e4c00000| Complete 
|  77|0x00000000e4d00000, 0x00000000e4e00000, 0x00000000e4e00000|100%|HC|  |TAMS 0x00000000e4e00000, 0x00000000e4d00000| Complete 
|  78|0x00000000e4e00000, 0x00000000e4f00000, 0x00000000e4f00000|100%|HC|  |TAMS 0x00000000e4f00000, 0x00000000e4e00000| Complete 
|  79|0x00000000e4f00000, 0x00000000e5000000, 0x00000000e5000000|100%|HC|  |TAMS 0x00000000e5000000, 0x00000000e4f00000| Complete 
|  80|0x00000000e5000000, 0x00000000e5100000, 0x00000000e5100000|100%|HS|  |TAMS 0x00000000e5100000, 0x00000000e5000000| Complete 
|  81|0x00000000e5100000, 0x00000000e5200000, 0x00000000e5200000|100%| O|  |TAMS 0x00000000e5200000, 0x00000000e5100000| Untracked 
|  82|0x00000000e5200000, 0x00000000e5300000, 0x00000000e5300000|100%| O|  |TAMS 0x00000000e5300000, 0x00000000e5200000| Untracked 
|  83|0x00000000e5300000, 0x00000000e5400000, 0x00000000e5400000|100%| O|  |TAMS 0x00000000e5400000, 0x00000000e5300000| Untracked 
|  84|0x00000000e5400000, 0x00000000e5500000, 0x00000000e5500000|100%| O|  |TAMS 0x00000000e5500000, 0x00000000e5400000| Untracked 
|  85|0x00000000e5500000, 0x00000000e5600000, 0x00000000e5600000|100%| O|  |TAMS 0x00000000e5600000, 0x00000000e5500000| Untracked 
|  86|0x00000000e5600000, 0x00000000e5700000, 0x00000000e5700000|100%| O|  |TAMS 0x00000000e5700000, 0x00000000e5600000| Untracked 
|  87|0x00000000e5700000, 0x00000000e5800000, 0x00000000e5800000|100%| O|  |TAMS 0x00000000e5800000, 0x00000000e5700000| Untracked 
|  88|0x00000000e5800000, 0x00000000e5900000, 0x00000000e5900000|100%| O|  |TAMS 0x00000000e5900000, 0x00000000e5800000| Untracked 
|  89|0x00000000e5900000, 0x00000000e5a00000, 0x00000000e5a00000|100%| O|  |TAMS 0x00000000e5a00000, 0x00000000e5900000| Untracked 
|  90|0x00000000e5a00000, 0x00000000e5b00000, 0x00000000e5b00000|100%| O|  |TAMS 0x00000000e5b00000, 0x00000000e5a00000| Untracked 
|  91|0x00000000e5b00000, 0x00000000e5c00000, 0x00000000e5c00000|100%| O|  |TAMS 0x00000000e5c00000, 0x00000000e5b00000| Untracked 
|  92|0x00000000e5c00000, 0x00000000e5d00000, 0x00000000e5d00000|100%| O|  |TAMS 0x00000000e5d00000, 0x00000000e5c00000| Untracked 
|  93|0x00000000e5d00000, 0x00000000e5e00000, 0x00000000e5e00000|100%| O|  |TAMS 0x00000000e5e00000, 0x00000000e5d00000| Untracked 
|  94|0x00000000e5e00000, 0x00000000e5f00000, 0x00000000e5f00000|100%| O|  |TAMS 0x00000000e5f00000, 0x00000000e5e00000| Untracked 
|  95|0x00000000e5f00000, 0x00000000e6000000, 0x00000000e6000000|100%| O|  |TAMS 0x00000000e6000000, 0x00000000e5f00000| Untracked 
|  96|0x00000000e6000000, 0x00000000e6100000, 0x00000000e6100000|100%| O|  |TAMS 0x00000000e6100000, 0x00000000e6000000| Untracked 
|  97|0x00000000e6100000, 0x00000000e6200000, 0x00000000e6200000|100%| O|  |TAMS 0x00000000e6200000, 0x00000000e6100000| Untracked 
|  98|0x00000000e6200000, 0x00000000e6300000, 0x00000000e6300000|100%| O|  |TAMS 0x00000000e6300000, 0x00000000e6200000| Untracked 
|  99|0x00000000e6300000, 0x00000000e6400000, 0x00000000e6400000|100%| O|  |TAMS 0x00000000e6400000, 0x00000000e6300000| Untracked 
| 100|0x00000000e6400000, 0x00000000e6500000, 0x00000000e6500000|100%| O|  |TAMS 0x00000000e6500000, 0x00000000e6400000| Untracked 
| 101|0x00000000e6500000, 0x00000000e6600000, 0x00000000e6600000|100%| O|  |TAMS 0x00000000e6600000, 0x00000000e6500000| Untracked 
| 102|0x00000000e6600000, 0x00000000e6700000, 0x00000000e6700000|100%| O|  |TAMS 0x00000000e6700000, 0x00000000e6600000| Untracked 
| 103|0x00000000e6700000, 0x00000000e6800000, 0x00000000e6800000|100%| O|  |TAMS 0x00000000e6800000, 0x00000000e6700000| Untracked 
| 104|0x00000000e6800000, 0x00000000e6900000, 0x00000000e6900000|100%| O|  |TAMS 0x00000000e6900000, 0x00000000e6800000| Untracked 
| 105|0x00000000e6900000, 0x00000000e6a00000, 0x00000000e6a00000|100%| O|  |TAMS 0x00000000e6a00000, 0x00000000e6900000| Untracked 
| 106|0x00000000e6a00000, 0x00000000e6b00000, 0x00000000e6b00000|100%| O|  |TAMS 0x00000000e6b00000, 0x00000000e6a00000| Untracked 
| 107|0x00000000e6b00000, 0x00000000e6b00000, 0x00000000e6c00000|  0%| F|  |TAMS 0x00000000e6b00000, 0x00000000e6b00000| Untracked 
| 108|0x00000000e6c00000, 0x00000000e6d00000, 0x00000000e6d00000|100%| O|  |TAMS 0x00000000e6d00000, 0x00000000e6c00000| Untracked 
| 109|0x00000000e6d00000, 0x00000000e6e00000, 0x00000000e6e00000|100%| O|  |TAMS 0x00000000e6e00000, 0x00000000e6d00000| Untracked 
| 110|0x00000000e6e00000, 0x00000000e6f00000, 0x00000000e6f00000|100%| O|  |TAMS 0x00000000e6f00000, 0x00000000e6e00000| Untracked 
| 111|0x00000000e6f00000, 0x00000000e7000000, 0x00000000e7000000|100%| O|  |TAMS 0x00000000e7000000, 0x00000000e6f00000| Untracked 
| 112|0x00000000e7000000, 0x00000000e7100000, 0x00000000e7100000|100%| O|  |TAMS 0x00000000e7100000, 0x00000000e7000000| Untracked 
| 113|0x00000000e7100000, 0x00000000e7200000, 0x00000000e7200000|100%| O|  |TAMS 0x00000000e7200000, 0x00000000e7100000| Untracked 
| 114|0x00000000e7200000, 0x00000000e7300000, 0x00000000e7300000|100%| O|  |TAMS 0x00000000e7300000, 0x00000000e7200000| Untracked 
| 115|0x00000000e7300000, 0x00000000e7400000, 0x00000000e7400000|100%| O|  |TAMS 0x00000000e7400000, 0x00000000e7300000| Untracked 
| 116|0x00000000e7400000, 0x00000000e7500000, 0x00000000e7500000|100%| O|  |TAMS 0x00000000e7500000, 0x00000000e7400000| Untracked 
| 117|0x00000000e7500000, 0x00000000e7600000, 0x00000000e7600000|100%| O|  |TAMS 0x00000000e7600000, 0x00000000e7500000| Untracked 
| 118|0x00000000e7600000, 0x00000000e7700000, 0x00000000e7700000|100%| O|  |TAMS 0x00000000e7700000, 0x00000000e7600000| Untracked 
| 119|0x00000000e7700000, 0x00000000e7800000, 0x00000000e7800000|100%| O|  |TAMS 0x00000000e7800000, 0x00000000e7700000| Untracked 
| 120|0x00000000e7800000, 0x00000000e7900000, 0x00000000e7900000|100%| O|  |TAMS 0x00000000e7900000, 0x00000000e7800000| Untracked 
| 121|0x00000000e7900000, 0x00000000e7a00000, 0x00000000e7a00000|100%| O|  |TAMS 0x00000000e7a00000, 0x00000000e7900000| Untracked 
| 122|0x00000000e7a00000, 0x00000000e7b00000, 0x00000000e7b00000|100%| O|  |TAMS 0x00000000e7b00000, 0x00000000e7a00000| Untracked 
| 123|0x00000000e7b00000, 0x00000000e7c00000, 0x00000000e7c00000|100%| O|  |TAMS 0x00000000e7c00000, 0x00000000e7b00000| Untracked 
| 124|0x00000000e7c00000, 0x00000000e7d00000, 0x00000000e7d00000|100%| O|  |TAMS 0x00000000e7d00000, 0x00000000e7c00000| Untracked 
| 125|0x00000000e7d00000, 0x00000000e7e00000, 0x00000000e7e00000|100%| O|  |TAMS 0x00000000e7e00000, 0x00000000e7d00000| Untracked 
| 126|0x00000000e7e00000, 0x00000000e7f00000, 0x00000000e7f00000|100%| O|  |TAMS 0x00000000e7f00000, 0x00000000e7e00000| Untracked 
| 127|0x00000000e7f00000, 0x00000000e8000000, 0x00000000e8000000|100%| O|  |TAMS 0x00000000e8000000, 0x00000000e7f00000| Untracked 
| 128|0x00000000e8000000, 0x00000000e8100000, 0x00000000e8100000|100%| O|  |TAMS 0x00000000e8100000, 0x00000000e8000000| Untracked 
| 129|0x00000000e8100000, 0x00000000e8200000, 0x00000000e8200000|100%| O|  |TAMS 0x00000000e8200000, 0x00000000e8100000| Untracked 
| 130|0x00000000e8200000, 0x00000000e8300000, 0x00000000e8300000|100%| O|  |TAMS 0x00000000e8300000, 0x00000000e8200000| Untracked 
| 131|0x00000000e8300000, 0x00000000e8400000, 0x00000000e8400000|100%| O|  |TAMS 0x00000000e8400000, 0x00000000e8300000| Untracked 
| 132|0x00000000e8400000, 0x00000000e8500000, 0x00000000e8500000|100%| O|  |TAMS 0x00000000e8500000, 0x00000000e8400000| Complete 
| 133|0x00000000e8500000, 0x00000000e8523800, 0x00000000e8600000| 13%| O|  |TAMS 0x00000000e8523800, 0x00000000e8500000| Untracked 
| 134|0x00000000e8600000, 0x00000000e8600000, 0x00000000e8700000|  0%| F|  |TAMS 0x00000000e8600000, 0x00000000e8600000| Untracked 
| 135|0x00000000e8700000, 0x00000000e8700000, 0x00000000e8800000|  0%| F|  |TAMS 0x00000000e8700000, 0x00000000e8700000| Untracked 
| 136|0x00000000e8800000, 0x00000000e8800000, 0x00000000e8900000|  0%| F|  |TAMS 0x00000000e8800000, 0x00000000e8800000| Untracked 
| 137|0x00000000e8900000, 0x00000000e8900000, 0x00000000e8a00000|  0%| F|  |TAMS 0x00000000e8900000, 0x00000000e8900000| Untracked 
| 138|0x00000000e8a00000, 0x00000000e8a00000, 0x00000000e8b00000|  0%| F|  |TAMS 0x00000000e8a00000, 0x00000000e8a00000| Untracked 
| 139|0x00000000e8b00000, 0x00000000e8b00000, 0x00000000e8c00000|  0%| F|  |TAMS 0x00000000e8b00000, 0x00000000e8b00000| Untracked 
| 140|0x00000000e8c00000, 0x00000000e8c00000, 0x00000000e8d00000|  0%| F|  |TAMS 0x00000000e8c00000, 0x00000000e8c00000| Untracked 
| 141|0x00000000e8d00000, 0x00000000e8d00000, 0x00000000e8e00000|  0%| F|  |TAMS 0x00000000e8d00000, 0x00000000e8d00000| Untracked 
| 142|0x00000000e8e00000, 0x00000000e8e00000, 0x00000000e8f00000|  0%| F|  |TAMS 0x00000000e8e00000, 0x00000000e8e00000| Untracked 
| 143|0x00000000e8f00000, 0x00000000e8f00000, 0x00000000e9000000|  0%| F|  |TAMS 0x00000000e8f00000, 0x00000000e8f00000| Untracked 
| 144|0x00000000e9000000, 0x00000000e9000000, 0x00000000e9100000|  0%| F|  |TAMS 0x00000000e9000000, 0x00000000e9000000| Untracked 
| 145|0x00000000e9100000, 0x00000000e9100000, 0x00000000e9200000|  0%| F|  |TAMS 0x00000000e9100000, 0x00000000e9100000| Untracked 
| 146|0x00000000e9200000, 0x00000000e9200000, 0x00000000e9300000|  0%| F|  |TAMS 0x00000000e9200000, 0x00000000e9200000| Untracked 
| 147|0x00000000e9300000, 0x00000000e9300000, 0x00000000e9400000|  0%| F|  |TAMS 0x00000000e9300000, 0x00000000e9300000| Untracked 
| 148|0x00000000e9400000, 0x00000000e9400000, 0x00000000e9500000|  0%| F|  |TAMS 0x00000000e9400000, 0x00000000e9400000| Untracked 
| 149|0x00000000e9500000, 0x00000000e9500000, 0x00000000e9600000|  0%| F|  |TAMS 0x00000000e9500000, 0x00000000e9500000| Untracked 
| 150|0x00000000e9600000, 0x00000000e9600000, 0x00000000e9700000|  0%| F|  |TAMS 0x00000000e9600000, 0x00000000e9600000| Untracked 
| 151|0x00000000e9700000, 0x00000000e9700000, 0x00000000e9800000|  0%| F|  |TAMS 0x00000000e9700000, 0x00000000e9700000| Untracked 
| 152|0x00000000e9800000, 0x00000000e9800000, 0x00000000e9900000|  0%| F|  |TAMS 0x00000000e9800000, 0x00000000e9800000| Untracked 
| 153|0x00000000e9900000, 0x00000000e9900000, 0x00000000e9a00000|  0%| F|  |TAMS 0x00000000e9900000, 0x00000000e9900000| Untracked 
| 154|0x00000000e9a00000, 0x00000000e9a00000, 0x00000000e9b00000|  0%| F|  |TAMS 0x00000000e9a00000, 0x00000000e9a00000| Untracked 
| 155|0x00000000e9b00000, 0x00000000e9b00000, 0x00000000e9c00000|  0%| F|  |TAMS 0x00000000e9b00000, 0x00000000e9b00000| Untracked 
| 156|0x00000000e9c00000, 0x00000000e9c00000, 0x00000000e9d00000|  0%| F|  |TAMS 0x00000000e9c00000, 0x00000000e9c00000| Untracked 
| 157|0x00000000e9d00000, 0x00000000e9d00000, 0x00000000e9e00000|  0%| F|  |TAMS 0x00000000e9d00000, 0x00000000e9d00000| Untracked 
| 158|0x00000000e9e00000, 0x00000000e9e00000, 0x00000000e9f00000|  0%| F|  |TAMS 0x00000000e9e00000, 0x00000000e9e00000| Untracked 
| 159|0x00000000e9f00000, 0x00000000e9f00000, 0x00000000ea000000|  0%| F|  |TAMS 0x00000000e9f00000, 0x00000000e9f00000| Untracked 
| 160|0x00000000ea000000, 0x00000000ea000000, 0x00000000ea100000|  0%| F|  |TAMS 0x00000000ea000000, 0x00000000ea000000| Untracked 
| 161|0x00000000ea100000, 0x00000000ea100000, 0x00000000ea200000|  0%| F|  |TAMS 0x00000000ea100000, 0x00000000ea100000| Untracked 
| 162|0x00000000ea200000, 0x00000000ea200000, 0x00000000ea300000|  0%| F|  |TAMS 0x00000000ea200000, 0x00000000ea200000| Untracked 
| 163|0x00000000ea300000, 0x00000000ea300000, 0x00000000ea400000|  0%| F|  |TAMS 0x00000000ea300000, 0x00000000ea300000| Untracked 
| 164|0x00000000ea400000, 0x00000000ea400000, 0x00000000ea500000|  0%| F|  |TAMS 0x00000000ea400000, 0x00000000ea400000| Untracked 
| 165|0x00000000ea500000, 0x00000000ea500000, 0x00000000ea600000|  0%| F|  |TAMS 0x00000000ea500000, 0x00000000ea500000| Untracked 
| 166|0x00000000ea600000, 0x00000000ea600000, 0x00000000ea700000|  0%| F|  |TAMS 0x00000000ea600000, 0x00000000ea600000| Untracked 
| 167|0x00000000ea700000, 0x00000000ea700000, 0x00000000ea800000|  0%| F|  |TAMS 0x00000000ea700000, 0x00000000ea700000| Untracked 
| 168|0x00000000ea800000, 0x00000000ea800000, 0x00000000ea900000|  0%| F|  |TAMS 0x00000000ea800000, 0x00000000ea800000| Untracked 
| 169|0x00000000ea900000, 0x00000000ea900000, 0x00000000eaa00000|  0%| F|  |TAMS 0x00000000ea900000, 0x00000000ea900000| Untracked 
| 170|0x00000000eaa00000, 0x00000000eaa00000, 0x00000000eab00000|  0%| F|  |TAMS 0x00000000eaa00000, 0x00000000eaa00000| Untracked 
| 171|0x00000000eab00000, 0x00000000eab00000, 0x00000000eac00000|  0%| F|  |TAMS 0x00000000eab00000, 0x00000000eab00000| Untracked 
| 172|0x00000000eac00000, 0x00000000eac00000, 0x00000000ead00000|  0%| F|  |TAMS 0x00000000eac00000, 0x00000000eac00000| Untracked 
| 173|0x00000000ead00000, 0x00000000ead00000, 0x00000000eae00000|  0%| F|  |TAMS 0x00000000ead00000, 0x00000000ead00000| Untracked 
| 174|0x00000000eae00000, 0x00000000eae00000, 0x00000000eaf00000|  0%| F|  |TAMS 0x00000000eae00000, 0x00000000eae00000| Untracked 
| 175|0x00000000eaf00000, 0x00000000eaf00000, 0x00000000eb000000|  0%| F|  |TAMS 0x00000000eaf00000, 0x00000000eaf00000| Untracked 
| 176|0x00000000eb000000, 0x00000000eb038970, 0x00000000eb100000| 22%| S|CS|TAMS 0x00000000eb000000, 0x00000000eb000000| Complete 
| 177|0x00000000eb100000, 0x00000000eb200000, 0x00000000eb200000|100%| S|CS|TAMS 0x00000000eb100000, 0x00000000eb100000| Complete 
| 178|0x00000000eb200000, 0x00000000eb300000, 0x00000000eb300000|100%| S|CS|TAMS 0x00000000eb200000, 0x00000000eb200000| Complete 
| 179|0x00000000eb300000, 0x00000000eb300000, 0x00000000eb400000|  0%| F|  |TAMS 0x00000000eb300000, 0x00000000eb300000| Untracked 
| 180|0x00000000eb400000, 0x00000000eb400000, 0x00000000eb500000|  0%| F|  |TAMS 0x00000000eb400000, 0x00000000eb400000| Untracked 
| 181|0x00000000eb500000, 0x00000000eb500000, 0x00000000eb600000|  0%| F|  |TAMS 0x00000000eb500000, 0x00000000eb500000| Untracked 
| 182|0x00000000eb600000, 0x00000000eb600000, 0x00000000eb700000|  0%| F|  |TAMS 0x00000000eb600000, 0x00000000eb600000| Untracked 
| 183|0x00000000eb700000, 0x00000000eb700000, 0x00000000eb800000|  0%| F|  |TAMS 0x00000000eb700000, 0x00000000eb700000| Untracked 
| 184|0x00000000eb800000, 0x00000000eb800000, 0x00000000eb900000|  0%| F|  |TAMS 0x00000000eb800000, 0x00000000eb800000| Untracked 
| 185|0x00000000eb900000, 0x00000000eb900000, 0x00000000eba00000|  0%| F|  |TAMS 0x00000000eb900000, 0x00000000eb900000| Untracked 
| 186|0x00000000eba00000, 0x00000000eba00000, 0x00000000ebb00000|  0%| F|  |TAMS 0x00000000eba00000, 0x00000000eba00000| Untracked 
| 187|0x00000000ebb00000, 0x00000000ebb00000, 0x00000000ebc00000|  0%| F|  |TAMS 0x00000000ebb00000, 0x00000000ebb00000| Untracked 
| 188|0x00000000ebc00000, 0x00000000ebc00000, 0x00000000ebd00000|  0%| F|  |TAMS 0x00000000ebc00000, 0x00000000ebc00000| Untracked 
| 189|0x00000000ebd00000, 0x00000000ebd00000, 0x00000000ebe00000|  0%| F|  |TAMS 0x00000000ebd00000, 0x00000000ebd00000| Untracked 
| 190|0x00000000ebe00000, 0x00000000ebe00000, 0x00000000ebf00000|  0%| F|  |TAMS 0x00000000ebe00000, 0x00000000ebe00000| Untracked 
| 191|0x00000000ebf00000, 0x00000000ebf00000, 0x00000000ec000000|  0%| F|  |TAMS 0x00000000ebf00000, 0x00000000ebf00000| Untracked 
| 192|0x00000000ec000000, 0x00000000ec000000, 0x00000000ec100000|  0%| F|  |TAMS 0x00000000ec000000, 0x00000000ec000000| Untracked 
| 193|0x00000000ec100000, 0x00000000ec100000, 0x00000000ec200000|  0%| F|  |TAMS 0x00000000ec100000, 0x00000000ec100000| Untracked 
| 194|0x00000000ec200000, 0x00000000ec200000, 0x00000000ec300000|  0%| F|  |TAMS 0x00000000ec200000, 0x00000000ec200000| Untracked 
| 195|0x00000000ec300000, 0x00000000ec300000, 0x00000000ec400000|  0%| F|  |TAMS 0x00000000ec300000, 0x00000000ec300000| Untracked 
| 196|0x00000000ec400000, 0x00000000ec400000, 0x00000000ec500000|  0%| F|  |TAMS 0x00000000ec400000, 0x00000000ec400000| Untracked 
| 197|0x00000000ec500000, 0x00000000ec500000, 0x00000000ec600000|  0%| F|  |TAMS 0x00000000ec500000, 0x00000000ec500000| Untracked 
| 198|0x00000000ec600000, 0x00000000ec600000, 0x00000000ec700000|  0%| F|  |TAMS 0x00000000ec600000, 0x00000000ec600000| Untracked 
| 199|0x00000000ec700000, 0x00000000ec700000, 0x00000000ec800000|  0%| F|  |TAMS 0x00000000ec700000, 0x00000000ec700000| Untracked 
| 200|0x00000000ec800000, 0x00000000ec800000, 0x00000000ec900000|  0%| F|  |TAMS 0x00000000ec800000, 0x00000000ec800000| Untracked 
| 201|0x00000000ec900000, 0x00000000ec900000, 0x00000000eca00000|  0%| F|  |TAMS 0x00000000ec900000, 0x00000000ec900000| Untracked 
| 202|0x00000000eca00000, 0x00000000eca00000, 0x00000000ecb00000|  0%| F|  |TAMS 0x00000000eca00000, 0x00000000eca00000| Untracked 
| 203|0x00000000ecb00000, 0x00000000ecb00000, 0x00000000ecc00000|  0%| F|  |TAMS 0x00000000ecb00000, 0x00000000ecb00000| Untracked 
| 204|0x00000000ecc00000, 0x00000000ecc00000, 0x00000000ecd00000|  0%| F|  |TAMS 0x00000000ecc00000, 0x00000000ecc00000| Untracked 
| 205|0x00000000ecd00000, 0x00000000ecd00000, 0x00000000ece00000|  0%| F|  |TAMS 0x00000000ecd00000, 0x00000000ecd00000| Untracked 
| 206|0x00000000ece00000, 0x00000000ece00000, 0x00000000ecf00000|  0%| F|  |TAMS 0x00000000ece00000, 0x00000000ece00000| Untracked 
| 207|0x00000000ecf00000, 0x00000000ecf00000, 0x00000000ed000000|  0%| F|  |TAMS 0x00000000ecf00000, 0x00000000ecf00000| Untracked 
| 208|0x00000000ed000000, 0x00000000ed000000, 0x00000000ed100000|  0%| F|  |TAMS 0x00000000ed000000, 0x00000000ed000000| Untracked 
| 209|0x00000000ed100000, 0x00000000ed100000, 0x00000000ed200000|  0%| F|  |TAMS 0x00000000ed100000, 0x00000000ed100000| Untracked 
| 210|0x00000000ed200000, 0x00000000ed200000, 0x00000000ed300000|  0%| F|  |TAMS 0x00000000ed200000, 0x00000000ed200000| Untracked 
| 211|0x00000000ed300000, 0x00000000ed300000, 0x00000000ed400000|  0%| F|  |TAMS 0x00000000ed300000, 0x00000000ed300000| Untracked 
| 212|0x00000000ed400000, 0x00000000ed400000, 0x00000000ed500000|  0%| F|  |TAMS 0x00000000ed400000, 0x00000000ed400000| Untracked 
| 213|0x00000000ed500000, 0x00000000ed500000, 0x00000000ed600000|  0%| F|  |TAMS 0x00000000ed500000, 0x00000000ed500000| Untracked 
| 214|0x00000000ed600000, 0x00000000ed600000, 0x00000000ed700000|  0%| F|  |TAMS 0x00000000ed600000, 0x00000000ed600000| Untracked 
| 215|0x00000000ed700000, 0x00000000ed700000, 0x00000000ed800000|  0%| F|  |TAMS 0x00000000ed700000, 0x00000000ed700000| Untracked 
| 216|0x00000000ed800000, 0x00000000ed800000, 0x00000000ed900000|  0%| F|  |TAMS 0x00000000ed800000, 0x00000000ed800000| Untracked 
| 217|0x00000000ed900000, 0x00000000ed900000, 0x00000000eda00000|  0%| F|  |TAMS 0x00000000ed900000, 0x00000000ed900000| Untracked 
| 218|0x00000000eda00000, 0x00000000eda00000, 0x00000000edb00000|  0%| F|  |TAMS 0x00000000eda00000, 0x00000000eda00000| Untracked 
| 219|0x00000000edb00000, 0x00000000edb00000, 0x00000000edc00000|  0%| F|  |TAMS 0x00000000edb00000, 0x00000000edb00000| Untracked 
| 220|0x00000000edc00000, 0x00000000edc00000, 0x00000000edd00000|  0%| F|  |TAMS 0x00000000edc00000, 0x00000000edc00000| Untracked 
| 221|0x00000000edd00000, 0x00000000edd00000, 0x00000000ede00000|  0%| F|  |TAMS 0x00000000edd00000, 0x00000000edd00000| Untracked 
| 222|0x00000000ede00000, 0x00000000ede00000, 0x00000000edf00000|  0%| F|  |TAMS 0x00000000ede00000, 0x00000000ede00000| Untracked 
| 223|0x00000000edf00000, 0x00000000edf00000, 0x00000000ee000000|  0%| F|  |TAMS 0x00000000edf00000, 0x00000000edf00000| Untracked 
| 224|0x00000000ee000000, 0x00000000ee000000, 0x00000000ee100000|  0%| F|  |TAMS 0x00000000ee000000, 0x00000000ee000000| Untracked 
| 225|0x00000000ee100000, 0x00000000ee100000, 0x00000000ee200000|  0%| F|  |TAMS 0x00000000ee100000, 0x00000000ee100000| Untracked 
| 226|0x00000000ee200000, 0x00000000ee200000, 0x00000000ee300000|  0%| F|  |TAMS 0x00000000ee200000, 0x00000000ee200000| Untracked 
| 227|0x00000000ee300000, 0x00000000ee300000, 0x00000000ee400000|  0%| F|  |TAMS 0x00000000ee300000, 0x00000000ee300000| Untracked 
| 228|0x00000000ee400000, 0x00000000ee400000, 0x00000000ee500000|  0%| F|  |TAMS 0x00000000ee400000, 0x00000000ee400000| Untracked 
| 229|0x00000000ee500000, 0x00000000ee500000, 0x00000000ee600000|  0%| F|  |TAMS 0x00000000ee500000, 0x00000000ee500000| Untracked 
| 230|0x00000000ee600000, 0x00000000ee600000, 0x00000000ee700000|  0%| F|  |TAMS 0x00000000ee600000, 0x00000000ee600000| Untracked 
| 231|0x00000000ee700000, 0x00000000ee700000, 0x00000000ee800000|  0%| F|  |TAMS 0x00000000ee700000, 0x00000000ee700000| Untracked 
| 232|0x00000000ee800000, 0x00000000ee800000, 0x00000000ee900000|  0%| F|  |TAMS 0x00000000ee800000, 0x00000000ee800000| Untracked 
| 233|0x00000000ee900000, 0x00000000eea00000, 0x00000000eea00000|100%| E|  |TAMS 0x00000000ee900000, 0x00000000ee900000| Complete 
| 234|0x00000000eea00000, 0x00000000eeb00000, 0x00000000eeb00000|100%| E|CS|TAMS 0x00000000eea00000, 0x00000000eea00000| Complete 
| 235|0x00000000eeb00000, 0x00000000eec00000, 0x00000000eec00000|100%| E|CS|TAMS 0x00000000eeb00000, 0x00000000eeb00000| Complete 
| 236|0x00000000eec00000, 0x00000000eed00000, 0x00000000eed00000|100%| E|CS|TAMS 0x00000000eec00000, 0x00000000eec00000| Complete 
| 237|0x00000000eed00000, 0x00000000eee00000, 0x00000000eee00000|100%| E|CS|TAMS 0x00000000eed00000, 0x00000000eed00000| Complete 
| 238|0x00000000eee00000, 0x00000000eef00000, 0x00000000eef00000|100%| E|CS|TAMS 0x00000000eee00000, 0x00000000eee00000| Complete 
| 239|0x00000000eef00000, 0x00000000ef000000, 0x00000000ef000000|100%| E|CS|TAMS 0x00000000eef00000, 0x00000000eef00000| Complete 
| 240|0x00000000ef000000, 0x00000000ef100000, 0x00000000ef100000|100%| E|CS|TAMS 0x00000000ef000000, 0x00000000ef000000| Complete 
| 241|0x00000000ef100000, 0x00000000ef200000, 0x00000000ef200000|100%| E|CS|TAMS 0x00000000ef100000, 0x00000000ef100000| Complete 
| 242|0x00000000ef200000, 0x00000000ef300000, 0x00000000ef300000|100%| E|CS|TAMS 0x00000000ef200000, 0x00000000ef200000| Complete 
| 243|0x00000000ef300000, 0x00000000ef400000, 0x00000000ef400000|100%| E|CS|TAMS 0x00000000ef300000, 0x00000000ef300000| Complete 
| 244|0x00000000ef400000, 0x00000000ef500000, 0x00000000ef500000|100%| E|CS|TAMS 0x00000000ef400000, 0x00000000ef400000| Complete 
| 245|0x00000000ef500000, 0x00000000ef600000, 0x00000000ef600000|100%| E|CS|TAMS 0x00000000ef500000, 0x00000000ef500000| Complete 
| 246|0x00000000ef600000, 0x00000000ef700000, 0x00000000ef700000|100%| E|CS|TAMS 0x00000000ef600000, 0x00000000ef600000| Complete 
| 247|0x00000000ef700000, 0x00000000ef800000, 0x00000000ef800000|100%| E|CS|TAMS 0x00000000ef700000, 0x00000000ef700000| Complete 
| 248|0x00000000ef800000, 0x00000000ef900000, 0x00000000ef900000|100%| E|CS|TAMS 0x00000000ef800000, 0x00000000ef800000| Complete 
| 249|0x00000000ef900000, 0x00000000efa00000, 0x00000000efa00000|100%| E|CS|TAMS 0x00000000ef900000, 0x00000000ef900000| Complete 
| 250|0x00000000efa00000, 0x00000000efb00000, 0x00000000efb00000|100%| E|CS|TAMS 0x00000000efa00000, 0x00000000efa00000| Complete 
| 251|0x00000000efb00000, 0x00000000efc00000, 0x00000000efc00000|100%| E|CS|TAMS 0x00000000efb00000, 0x00000000efb00000| Complete 
| 252|0x00000000efc00000, 0x00000000efd00000, 0x00000000efd00000|100%| E|CS|TAMS 0x00000000efc00000, 0x00000000efc00000| Complete 
| 253|0x00000000efd00000, 0x00000000efe00000, 0x00000000efe00000|100%| E|CS|TAMS 0x00000000efd00000, 0x00000000efd00000| Complete 
| 254|0x00000000efe00000, 0x00000000eff00000, 0x00000000eff00000|100%| E|CS|TAMS 0x00000000efe00000, 0x00000000efe00000| Complete 
| 255|0x00000000eff00000, 0x00000000f0000000, 0x00000000f0000000|100%| E|CS|TAMS 0x00000000eff00000, 0x00000000eff00000| Complete 

Card table byte_map: [0x0000020822840000,0x0000020822940000] _byte_map_base: 0x0000020822140000

Marking Bits (Prev, Next): (CMBitMap*) 0x000002080b948f00, (CMBitMap*) 0x000002080b948ec0
 Prev Bits: [0x0000020823240000, 0x0000020823a40000)
 Next Bits: [0x0000020822a40000, 0x0000020823240000)

Polling page: 0x000002080b0e0000

Metaspace:

Usage:
  Non-class:    102.64 MB used.
      Class:     15.26 MB used.
       Both:    117.90 MB used.

Virtual space:
  Non-class space:      104.00 MB reserved,     103.06 MB (>99%) committed,  13 nodes.
      Class space:      308.00 MB reserved,      15.63 MB (  5%) committed,  1 nodes.
             Both:      412.00 MB reserved,     118.69 MB ( 29%) committed. 

Chunk freelists:
   Non-Class:  944.00 KB
       Class:  224.00 KB
        Both:  1.14 MB

MaxMetaspaceSize: 384.00 MB
CompressedClassSpaceSize: 308.00 MB
Initial GC threshold: 21.00 MB
Current GC threshold: 194.69 MB
CDS: on
MetaspaceReclaimPolicy: balanced
 - commit_granule_bytes: 65536.
 - commit_granule_words: 8192.
 - virtual_space_node_default_size: 1048576.
 - enlarge_chunks_in_place: 1.
 - new_chunks_are_fully_committed: 0.
 - uncommit_free_chunks: 1.
 - use_allocation_guard: 0.
 - handle_deallocations: 1.


Internal statistics:

num_allocs_failed_limit: 12.
num_arena_births: 934.
num_arena_deaths: 0.
num_vsnodes_births: 14.
num_vsnodes_deaths: 0.
num_space_committed: 1897.
num_space_uncommitted: 0.
num_chunks_returned_to_freelist: 12.
num_chunks_taken_from_freelist: 5437.
num_chunk_merges: 9.
num_chunk_splits: 4111.
num_chunks_enlarged: 3232.
num_purges: 0.
num_inconsistent_stats: 0.

CodeHeap 'non-profiled nmethods': size=120000Kb used=5153Kb max_used=5153Kb free=114846Kb
 bounds [0x000002081aee0000, 0x000002081b400000, 0x0000020822410000]
CodeHeap 'profiled nmethods': size=120000Kb used=22542Kb max_used=22542Kb free=97457Kb
 bounds [0x00000208139b0000, 0x0000020814fc0000, 0x000002081aee0000]
CodeHeap 'non-nmethods': size=5760Kb used=2556Kb max_used=2609Kb free=3203Kb
 bounds [0x0000020813410000, 0x00000208136b0000, 0x00000208139b0000]
 total_blobs=11994 nmethods=10883 adapters=1019
 compilation: enabled
              stopped_count=0, restarted_count=0
 full_count=0

Compilation events (20 events):
Event: 32.286 Thread 0x0000020826473340 12579       3       java.lang.invoke.LambdaForm$MH/0x0000000800cde800::invoke (148 bytes)
Event: 32.287 Thread 0x0000020826473340 nmethod 12579 0x0000020814fa7d90 code [0x0000020814fa8000, 0x0000020814fa9188]
Event: 32.298 Thread 0x0000020826473340 12584       2       sun.reflect.generics.parser.SignatureParser::parsePackageNameAndSimpleClassTypeSignature (119 bytes)
Event: 32.299 Thread 0x0000020826473340 nmethod 12584 0x0000020814fa9610 code [0x0000020814fa9880, 0x0000020814fa9de8]
Event: 32.302 Thread 0x0000020826473340 12585       3       sun.reflect.annotation.AnnotationParser::parseMemberValue (230 bytes)
Event: 32.306 Thread 0x0000020826473340 nmethod 12585 0x0000020814faa110 code [0x0000020814faa620, 0x0000020814facd68]
Event: 32.307 Thread 0x0000020826473340 12586   !   3       jdk.internal.loader.AbstractClassLoaderValue::computeIfAbsent (113 bytes)
Event: 32.308 Thread 0x0000020826473340 nmethod 12586 0x0000020814fada10 code [0x0000020814fadca0, 0x0000020814faebc8]
Event: 32.309 Thread 0x0000020826473340 12587       3       java.lang.WeakPairMap::containsKeyPair (17 bytes)
Event: 32.311 Thread 0x0000020826473340 nmethod 12587 0x0000020814faf190 code [0x0000020814faf400, 0x0000020814fb0118]
Event: 32.320 Thread 0x0000020826473340 12589       3       java.lang.reflect.ProxyGenerator::generateClassFile (281 bytes)
Event: 32.322 Thread 0x0000020826473340 nmethod 12589 0x0000020814fb0590 code [0x0000020814fb0980, 0x0000020814fb2388]
Event: 32.335 Thread 0x0000020826473340 12591   !   3       jdk.proxy1.$Proxy2::annotationType (29 bytes)
Event: 32.335 Thread 0x0000020826473340 nmethod 12591 0x0000020814fb2b10 code [0x0000020814fb2ce0, 0x0000020814fb30d8]
Event: 32.373 Thread 0x0000020826473340 12593       2       sun.invoke.util.VerifyAccess::isClassAccessible (230 bytes)
Event: 32.375 Thread 0x0000020826473340 nmethod 12593 0x0000020814fb3290 code [0x0000020814fb3500, 0x0000020814fb3bf8]
Event: 32.401 Thread 0x0000020826473340 12594       3       org.gradle.api.internal.provider.AbstractProperty::getValidationDisplayName (16 bytes)
Event: 32.401 Thread 0x0000020826473340 nmethod 12594 0x0000020814be1690 code [0x0000020814be1820, 0x0000020814be1998]
Event: 32.411 Thread 0x0000020826473340 12595       3       org.gradle.api.internal.DefaultNamedDomainObjectCollection::findByNameWithoutRules (11 bytes)
Event: 32.411 Thread 0x0000020826473340 nmethod 12595 0x0000020814fb3f10 code [0x0000020814fb40c0, 0x0000020814fb4288]

GC Heap History (20 events):
Event: 13.272 GC heap before
{Heap before GC invocations=6 (full 0):
 garbage-first heap   total 262144K, used 184474K [0x00000000e0000000, 0x0000000100000000)
  region size 1024K, 143 young (146432K), 11 survivors (11264K)
 Metaspace       used 49616K, committed 50176K, reserved 364544K
  class space    used 7430K, committed 7680K, reserved 315392K
}
Event: 13.290 GC heap after
{Heap after GC invocations=7 (full 0):
 garbage-first heap   total 262144K, used 56273K [0x00000000e0000000, 0x0000000100000000)
  region size 1024K, 9 young (9216K), 9 survivors (9216K)
 Metaspace       used 49616K, committed 50176K, reserved 364544K
  class space    used 7430K, committed 7680K, reserved 315392K
}
Event: 16.131 GC heap before
{Heap before GC invocations=7 (full 0):
 garbage-first heap   total 262144K, used 170961K [0x00000000e0000000, 0x0000000100000000)
  region size 1024K, 111 young (113664K), 9 survivors (9216K)
 Metaspace       used 59444K, committed 60096K, reserved 372736K
  class space    used 8778K, committed 9088K, reserved 315392K
}
Event: 16.143 GC heap after
{Heap after GC invocations=8 (full 0):
 garbage-first heap   total 262144K, used 76920K [0x00000000e0000000, 0x0000000100000000)
  region size 1024K, 17 young (17408K), 17 survivors (17408K)
 Metaspace       used 59444K, committed 60096K, reserved 372736K
  class space    used 8778K, committed 9088K, reserved 315392K
}
Event: 19.296 GC heap before
{Heap before GC invocations=9 (full 0):
 garbage-first heap   total 262144K, used 199800K [0x00000000e0000000, 0x0000000100000000)
  region size 1024K, 137 young (140288K), 17 survivors (17408K)
 Metaspace       used 71580K, committed 72384K, reserved 380928K
  class space    used 10428K, committed 10816K, reserved 315392K
}
Event: 19.323 GC heap after
{Heap after GC invocations=10 (full 0):
 garbage-first heap   total 262144K, used 82056K [0x00000000e0000000, 0x0000000100000000)
  region size 1024K, 14 young (14336K), 14 survivors (14336K)
 Metaspace       used 71580K, committed 72384K, reserved 380928K
  class space    used 10428K, committed 10816K, reserved 315392K
}
Event: 21.287 GC heap before
{Heap before GC invocations=10 (full 0):
 garbage-first heap   total 262144K, used 219272K [0x00000000e0000000, 0x0000000100000000)
  region size 1024K, 134 young (137216K), 14 survivors (14336K)
 Metaspace       used 79334K, committed 80064K, reserved 389120K
  class space    used 11350K, committed 11712K, reserved 315392K
}
Event: 21.317 GC heap after
{Heap after GC invocations=11 (full 0):
 garbage-first heap   total 262144K, used 109706K [0x00000000e0000000, 0x0000000100000000)
  region size 1024K, 17 young (17408K), 17 survivors (17408K)
 Metaspace       used 79334K, committed 80064K, reserved 389120K
  class space    used 11350K, committed 11712K, reserved 315392K
}
Event: 23.188 GC heap before
{Heap before GC invocations=11 (full 0):
 garbage-first heap   total 262144K, used 201866K [0x00000000e0000000, 0x0000000100000000)
  region size 1024K, 107 young (109568K), 17 survivors (17408K)
 Metaspace       used 88663K, committed 89408K, reserved 397312K
  class space    used 12275K, committed 12608K, reserved 315392K
}
Event: 23.212 GC heap after
{Heap after GC invocations=12 (full 0):
 garbage-first heap   total 262144K, used 118070K [0x00000000e0000000, 0x0000000100000000)
  region size 1024K, 7 young (7168K), 7 survivors (7168K)
 Metaspace       used 88663K, committed 89408K, reserved 397312K
  class space    used 12275K, committed 12608K, reserved 315392K
}
Event: 24.859 GC heap before
{Heap before GC invocations=12 (full 0):
 garbage-first heap   total 262144K, used 208182K [0x00000000e0000000, 0x0000000100000000)
  region size 1024K, 94 young (96256K), 7 survivors (7168K)
 Metaspace       used 95787K, committed 96512K, reserved 405504K
  class space    used 13140K, committed 13504K, reserved 315392K
}
Event: 24.871 GC heap after
{Heap after GC invocations=13 (full 0):
 garbage-first heap   total 262144K, used 122569K [0x00000000e0000000, 0x0000000100000000)
  region size 1024K, 12 young (12288K), 12 survivors (12288K)
 Metaspace       used 95787K, committed 96512K, reserved 405504K
  class space    used 13140K, committed 13504K, reserved 315392K
}
Event: 26.498 GC heap before
{Heap before GC invocations=13 (full 0):
 garbage-first heap   total 262144K, used 190153K [0x00000000e0000000, 0x0000000100000000)
  region size 1024K, 79 young (80896K), 12 survivors (12288K)
 Metaspace       used 99754K, committed 100480K, reserved 405504K
  class space    used 13527K, committed 13888K, reserved 315392K
}
Event: 26.512 GC heap after
{Heap after GC invocations=14 (full 0):
 garbage-first heap   total 262144K, used 128977K [0x00000000e0000000, 0x0000000100000000)
  region size 1024K, 12 young (12288K), 12 survivors (12288K)
 Metaspace       used 99754K, committed 100480K, reserved 405504K
  class space    used 13527K, committed 13888K, reserved 315392K
}
Event: 29.127 GC heap before
{Heap before GC invocations=15 (full 0):
 garbage-first heap   total 262144K, used 211921K [0x00000000e0000000, 0x0000000100000000)
  region size 1024K, 93 young (95232K), 12 survivors (12288K)
 Metaspace       used 107362K, committed 108096K, reserved 413696K
  class space    used 14302K, committed 14656K, reserved 315392K
}
Event: 29.144 GC heap after
{Heap after GC invocations=16 (full 0):
 garbage-first heap   total 262144K, used 135425K [0x00000000e0000000, 0x0000000100000000)
  region size 1024K, 12 young (12288K), 12 survivors (12288K)
 Metaspace       used 107362K, committed 108096K, reserved 413696K
  class space    used 14302K, committed 14656K, reserved 315392K
}
Event: 29.175 GC heap before
{Heap before GC invocations=16 (full 0):
 garbage-first heap   total 262144K, used 135425K [0x00000000e0000000, 0x0000000100000000)
  region size 1024K, 13 young (13312K), 12 survivors (12288K)
 Metaspace       used 107483K, committed 108224K, reserved 413696K
  class space    used 14315K, committed 14656K, reserved 315392K
}
Event: 29.186 GC heap after
{Heap after GC invocations=17 (full 0):
 garbage-first heap   total 262144K, used 137358K [0x00000000e0000000, 0x0000000100000000)
  region size 1024K, 2 young (2048K), 2 survivors (2048K)
 Metaspace       used 107483K, committed 108224K, reserved 413696K
  class space    used 14315K, committed 14656K, reserved 315392K
}
Event: 31.140 GC heap before
{Heap before GC invocations=17 (full 0):
 garbage-first heap   total 262144K, used 213134K [0x00000000e0000000, 0x0000000100000000)
  region size 1024K, 77 young (78848K), 2 survivors (2048K)
 Metaspace       used 118265K, committed 118976K, reserved 421888K
  class space    used 15399K, committed 15744K, reserved 315392K
}
Event: 31.146 GC heap after
{Heap after GC invocations=18 (full 0):
 garbage-first heap   total 262144K, used 137584K [0x00000000e0000000, 0x0000000100000000)
  region size 1024K, 3 young (3072K), 3 survivors (3072K)
 Metaspace       used 118265K, committed 118976K, reserved 421888K
  class space    used 15399K, committed 15744K, reserved 315392K
}

Dll operation events (14 events):
Event: 0.039 Loaded shared library C:\Users\abch9\.jdks\corretto-17.0.5\bin\java.dll
Event: 0.070 Loaded shared library C:\Users\abch9\.jdks\corretto-17.0.5\bin\jsvml.dll
Event: 0.380 Loaded shared library C:\Users\abch9\.jdks\corretto-17.0.5\bin\zip.dll
Event: 0.394 Loaded shared library C:\Users\abch9\.jdks\corretto-17.0.5\bin\instrument.dll
Event: 0.430 Loaded shared library C:\Users\abch9\.jdks\corretto-17.0.5\bin\net.dll
Event: 0.437 Loaded shared library C:\Users\abch9\.jdks\corretto-17.0.5\bin\nio.dll
Event: 0.462 Loaded shared library C:\Users\abch9\.jdks\corretto-17.0.5\bin\zip.dll
Event: 1.015 Loaded shared library C:\Users\abch9\.jdks\corretto-17.0.5\bin\jimage.dll
Event: 1.142 Loaded shared library C:\Users\abch9\.jdks\corretto-17.0.5\bin\verify.dll
Event: 1.461 Loaded shared library C:\Users\abch9\.gradle\native\c067742578af261105cb4f569cf0c3c89f3d7b1fecec35dd04571415982c5e48\windows-amd64\native-platform.dll
Event: 1.483 Loaded shared library C:\Users\abch9\.gradle\native\38dada09dfb8b06ba9b0570ebf7e218e3eb74d4ef43ca46872605cf95ebc2f47\windows-amd64\native-platform-file-events.dll
Event: 3.203 Loaded shared library C:\Users\abch9\.jdks\corretto-17.0.5\bin\management.dll
Event: 3.212 Loaded shared library C:\Users\abch9\.jdks\corretto-17.0.5\bin\management_ext.dll
Event: 4.050 Loaded shared library C:\Users\abch9\.jdks\corretto-17.0.5\bin\sunmscapi.dll

Deoptimization events (20 events):
Event: 31.851 Thread 0x0000020828ab6fb0 Uncommon trap: trap_request=0xffffff45 fr.pc=0x000002081b1e5c8c relative=0x000000000000006c
Event: 31.851 Thread 0x0000020828ab6fb0 Uncommon trap: reason=unstable_if action=reinterpret pc=0x000002081b1e5c8c method=org.objectweb.asm.AnnotationWriter.computeAnnotationsSize(Lorg/objectweb/asm/AnnotationWriter;Lorg/objectweb/asm/AnnotationWriter;Lorg/objectweb/asm/AnnotationWriter;Lorg/ob
Event: 31.851 Thread 0x0000020828ab6fb0 DEOPT PACKING pc=0x000002081b1e5c8c sp=0x000000879cefe5a0
Event: 31.852 Thread 0x0000020828ab6fb0 DEOPT UNPACKING pc=0x00000208134623a3 sp=0x000000879cefe528 mode 2
Event: 31.852 Thread 0x0000020828ab6fb0 Uncommon trap: trap_request=0xffffff45 fr.pc=0x000002081b1e0048 relative=0x00000000000000a8
Event: 31.852 Thread 0x0000020828ab6fb0 Uncommon trap: reason=unstable_if action=reinterpret pc=0x000002081b1e0048 method=org.objectweb.asm.AnnotationWriter.putAnnotations(Lorg/objectweb/asm/SymbolTable;Lorg/objectweb/asm/AnnotationWriter;Lorg/objectweb/asm/AnnotationWriter;Lorg/objectweb/asm/A
Event: 31.852 Thread 0x0000020828ab6fb0 DEOPT PACKING pc=0x000002081b1e0048 sp=0x000000879cefe570
Event: 31.852 Thread 0x0000020828ab6fb0 DEOPT UNPACKING pc=0x00000208134623a3 sp=0x000000879cefe500 mode 2
Event: 32.069 Thread 0x0000020828d0f600 Uncommon trap: trap_request=0xffffffde fr.pc=0x000002081b178608 relative=0x00000000000053c8
Event: 32.069 Thread 0x0000020828d0f600 Uncommon trap: reason=class_check action=maybe_recompile pc=0x000002081b178608 method=java.net.URLClassLoader.defineClass(Ljava/lang/String;Ljdk/internal/loader/Resource;)Ljava/lang/Class; @ 34 c2
Event: 32.069 Thread 0x0000020828d0f600 DEOPT PACKING pc=0x000002081b178608 sp=0x000000879bff7e20
Event: 32.069 Thread 0x0000020828d0f600 DEOPT UNPACKING pc=0x00000208134623a3 sp=0x000000879bff7c48 mode 2
Event: 32.101 Thread 0x0000020828d0f600 Uncommon trap: trap_request=0xffffffde fr.pc=0x000002081b178608 relative=0x00000000000053c8
Event: 32.102 Thread 0x0000020828d0f600 Uncommon trap: reason=class_check action=maybe_recompile pc=0x000002081b178608 method=java.net.URLClassLoader.defineClass(Ljava/lang/String;Ljdk/internal/loader/Resource;)Ljava/lang/Class; @ 34 c2
Event: 32.102 Thread 0x0000020828d0f600 DEOPT PACKING pc=0x000002081b178608 sp=0x000000879bff7ce0
Event: 32.102 Thread 0x0000020828d0f600 DEOPT UNPACKING pc=0x00000208134623a3 sp=0x000000879bff7b08 mode 2
Event: 32.149 Thread 0x0000020828d0f600 Uncommon trap: trap_request=0xffffffde fr.pc=0x000002081b178608 relative=0x00000000000053c8
Event: 32.149 Thread 0x0000020828d0f600 Uncommon trap: reason=class_check action=maybe_recompile pc=0x000002081b178608 method=java.net.URLClassLoader.defineClass(Ljava/lang/String;Ljdk/internal/loader/Resource;)Ljava/lang/Class; @ 34 c2
Event: 32.149 Thread 0x0000020828d0f600 DEOPT PACKING pc=0x000002081b178608 sp=0x000000879bff7ce0
Event: 32.149 Thread 0x0000020828d0f600 DEOPT UNPACKING pc=0x00000208134623a3 sp=0x000000879bff7b08 mode 2

Classes unloaded (0 events):
No events

Classes redefined (0 events):
No events

Internal exceptions (20 events):
Event: 18.603 Thread 0x0000020828d0f600 Exception <a 'java/lang/NoSuchMethodError'{0x00000000ea466010}: 'long java.lang.invoke.DirectMethodHandle$Holder.invokeStatic(java.lang.Object)'> (0x00000000ea466010) 
thrown [s\src\hotspot\share\interpreter\linkResolver.cpp, line 759]
Event: 18.604 Thread 0x0000020828d0f600 Exception <a 'java/lang/NoSuchMethodError'{0x00000000ea46aea0}: 'long java.lang.invoke.DirectMethodHandle$Holder.invokeStaticInit(java.lang.Object)'> (0x00000000ea46aea0) 
thrown [s\src\hotspot\share\interpreter\linkResolver.cpp, line 759]
Event: 18.729 Thread 0x0000020828d0f600 Exception <a 'java/lang/NoSuchMethodError'{0x00000000e9fb2b78}: 'long java.lang.invoke.Invokers$Holder.invoke_MT(java.lang.Object, java.lang.Object, java.lang.Object, java.lang.Object)'> (0x00000000e9fb2b78) 
thrown [s\src\hotspot\share\interpreter\linkResolver.cpp, line 759]
Event: 18.730 Thread 0x0000020828d0f600 Exception <a 'java/lang/NoSuchMethodError'{0x00000000e9fbc1c8}: 'int java.lang.invoke.Invokers$Holder.invoke_MT(java.lang.Object, java.lang.Object, java.lang.Object, java.lang.Object)'> (0x00000000e9fbc1c8) 
thrown [s\src\hotspot\share\interpreter\linkResolver.cpp, line 759]
Event: 18.732 Thread 0x0000020828d0f600 Exception <a 'java/lang/NoSuchMethodError'{0x00000000e9fccd28}: 'void java.lang.invoke.DelegatingMethodHandle$Holder.reinvoke_L(java.lang.Object, java.lang.Object, java.lang.Object, long, java.lang.Object)'> (0x00000000e9fccd28) 
thrown [s\src\hotspot\share\interpreter\linkResolver.cpp, line 759]
Event: 18.733 Thread 0x0000020828d0f600 Exception <a 'java/lang/NoSuchMethodError'{0x00000000e9fd5900}: 'java.lang.Object java.lang.invoke.DirectMethodHandle$Holder.invokeSpecial(java.lang.Object, java.lang.Object, java.lang.Object, java.lang.Object, long)'> (0x00000000e9fd5900) 
thrown [s\src\hotspot\share\interpreter\linkResolver.cpp, line 759]
Event: 18.735 Thread 0x0000020828d0f600 Exception <a 'java/lang/NoSuchMethodError'{0x00000000e9fe6378}: 'int java.lang.invoke.DelegatingMethodHandle$Holder.reinvoke_L(java.lang.Object, java.lang.Object, java.lang.Object, long, java.lang.Object, java.lang.Object)'> (0x00000000e9fe6378) 
thrown [s\src\hotspot\share\interpreter\linkResolver.cpp, line 759]
Event: 18.736 Thread 0x0000020828d0f600 Exception <a 'java/lang/NoSuchMethodError'{0x00000000e9ff66f0}: 'int java.lang.invoke.DelegatingMethodHandle$Holder.reinvoke_L(java.lang.Object, java.lang.Object, java.lang.Object, long, int, int)'> (0x00000000e9ff66f0) 
thrown [s\src\hotspot\share\interpreter\linkResolver.cpp, line 759]
Event: 18.738 Thread 0x0000020828d0f600 Exception <a 'java/lang/NoSuchMethodError'{0x00000000e9e06d48}: 'int java.lang.invoke.DelegatingMethodHandle$Holder.reinvoke_L(java.lang.Object, java.lang.Object, java.lang.Object, long, long, long)'> (0x00000000e9e06d48) 
thrown [s\src\hotspot\share\interpreter\linkResolver.cpp, line 759]
Event: 18.739 Thread 0x0000020828d0f600 Exception <a 'java/lang/NoSuchMethodError'{0x00000000e9e16b48}: 'int java.lang.invoke.DelegatingMethodHandle$Holder.reinvoke_L(java.lang.Object, java.lang.Object, java.lang.Object, long, int)'> (0x00000000e9e16b48) 
thrown [s\src\hotspot\share\interpreter\linkResolver.cpp, line 759]
Event: 19.831 Thread 0x0000020828d0f600 Exception <a 'java/lang/NoSuchMethodError'{0x00000000eed4bec0}: 'java.lang.Object java.lang.invoke.Invokers$Holder.invokeExact_MT(java.lang.Object, java.lang.Object, long, java.lang.Object)'> (0x00000000eed4bec0) 
thrown [s\src\hotspot\share\interpreter\linkResolver.cpp, line 759]
Event: 19.901 Thread 0x0000020828d0f600 Exception <a 'java/lang/NoSuchMethodError'{0x00000000eebc7948}: 'java.lang.Object java.lang.invoke.Invokers$Holder.invoke_MT(java.lang.Object, java.lang.Object, java.lang.Object)'> (0x00000000eebc7948) 
thrown [s\src\hotspot\share\interpreter\linkResolver.cpp, line 759]
Event: 20.232 Thread 0x0000020828d0f600 Implicit null exception at 0x000002081b2573f4 to 0x000002081b2592e4
Event: 23.664 Thread 0x0000020828d0f600 Exception <a 'java/lang/NoSuchMethodError'{0x00000000eec887d0}: 'java.lang.Object java.lang.invoke.DirectMethodHandle$Holder.invokeStatic(java.lang.Object, java.lang.Object, java.lang.Object, java.lang.Object, int)'> (0x00000000eec887d0) 
thrown [s\src\hotspot\share\interpreter\linkResolver.cpp, line 759]
Event: 25.394 Thread 0x0000020828d0f600 Implicit null exception at 0x000002081af9c911 to 0x000002081af9ca84
Event: 25.542 Thread 0x0000020828d0f600 Exception <a 'java/lang/IncompatibleClassChangeError'{0x00000000ed9b9890}: Found class java.lang.Object, but interface was expected> (0x00000000ed9b9890) 
thrown [s\src\hotspot\share\interpreter\linkResolver.cpp, line 826]
Event: 28.727 Thread 0x0000020828d0f600 Exception <a 'java/lang/NoSuchMethodError'{0x00000000eb006bb8}: 'java.lang.Object java.lang.invoke.DirectMethodHandle$Holder.newInvokeSpecial(java.lang.Object, java.lang.Object, java.lang.Object, int, int, java.lang.Object, java.lang.Object)'> (0x00000000eb006bb8) 
thrown [s\src\hotspot\share\interpreter\linkResolver.cpp, line 759]
Event: 31.819 Thread 0x0000020828ab6fb0 Exception <a 'sun/nio/fs/WindowsException'{0x00000000ef2e65b8}> (0x00000000ef2e65b8) 
thrown [s\src\hotspot\share\prims\jni.cpp, line 516]
Event: 31.856 Thread 0x0000020828ab6fb0 Exception <a 'sun/nio/fs/WindowsException'{0x00000000ef1713a8}> (0x00000000ef1713a8) 
thrown [s\src\hotspot\share\prims\jni.cpp, line 516]
Event: 31.857 Thread 0x0000020828ab6fb0 Exception <a 'sun/nio/fs/WindowsException'{0x00000000ef171520}> (0x00000000ef171520) 
thrown [s\src\hotspot\share\prims\jni.cpp, line 516]

VM Operations (20 events):
Event: 31.131 Executing VM operation: ICBufferFull
Event: 31.131 Executing VM operation: ICBufferFull done
Event: 31.133 Executing VM operation: HandshakeAllThreads
Event: 31.133 Executing VM operation: HandshakeAllThreads done
Event: 31.140 Executing VM operation: G1CollectForAllocation
Event: 31.146 Executing VM operation: G1CollectForAllocation done
Event: 31.182 Executing VM operation: HandshakeAllThreads
Event: 31.182 Executing VM operation: HandshakeAllThreads done
Event: 31.300 Executing VM operation: G1Concurrent
Event: 31.311 Executing VM operation: G1Concurrent done
Event: 31.368 Executing VM operation: HandshakeAllThreads
Event: 31.368 Executing VM operation: HandshakeAllThreads done
Event: 31.374 Executing VM operation: G1Concurrent
Event: 31.375 Executing VM operation: G1Concurrent done
Event: 31.641 Executing VM operation: HandshakeAllThreads
Event: 31.641 Executing VM operation: HandshakeAllThreads done
Event: 31.770 Executing VM operation: HandshakeAllThreads
Event: 31.770 Executing VM operation: HandshakeAllThreads done
Event: 31.827 Executing VM operation: ICBufferFull
Event: 31.827 Executing VM operation: ICBufferFull done

Events (20 events):
Event: 31.788 Thread 0x0000020826478c60 flushing nmethod 0x0000020814a45910
Event: 31.788 Thread 0x0000020826478c60 flushing nmethod 0x0000020814a68490
Event: 31.788 Thread 0x0000020826478c60 flushing nmethod 0x0000020814a94690
Event: 31.788 Thread 0x0000020826478c60 flushing nmethod 0x0000020814af8610
Event: 31.789 Thread 0x0000020826478c60 flushing nmethod 0x0000020814b51710
Event: 31.789 Thread 0x0000020826478c60 flushing nmethod 0x0000020814bbf910
Event: 31.789 Thread 0x0000020826478c60 flushing nmethod 0x0000020814be1690
Event: 31.789 Thread 0x0000020826478c60 flushing nmethod 0x0000020814c02790
Event: 31.789 Thread 0x0000020826478c60 flushing nmethod 0x0000020814c15d10
Event: 31.789 Thread 0x0000020826478c60 flushing nmethod 0x0000020814c1a210
Event: 31.789 Thread 0x0000020826478c60 flushing nmethod 0x0000020814c21790
Event: 31.789 Thread 0x0000020826478c60 flushing nmethod 0x0000020814c31190
Event: 31.790 Thread 0x0000020826478c60 flushing nmethod 0x0000020814c5f390
Event: 31.790 Thread 0x0000020826478c60 flushing nmethod 0x0000020814c87310
Event: 31.790 Thread 0x0000020826478c60 flushing nmethod 0x0000020814caa310
Event: 31.790 Thread 0x0000020826478c60 flushing nmethod 0x0000020814cc9790
Event: 31.790 Thread 0x0000020826478c60 flushing nmethod 0x0000020814d69110
Event: 31.791 Thread 0x0000020826478c60 flushing nmethod 0x0000020814e53e90
Event: 31.791 Thread 0x0000020826478c60 flushing nmethod 0x0000020814e55290
Event: 31.791 Thread 0x0000020826478c60 flushing nmethod 0x0000020814e6cb90


Dynamic libraries:
0x00007ff7b1ca0000 - 0x00007ff7b1cad000 	C:\Users\abch9\.jdks\corretto-17.0.5\bin\java.exe
0x00007ffb16510000 - 0x00007ffb16727000 	C:\WINDOWS\SYSTEM32\ntdll.dll
0x00007ffb15940000 - 0x00007ffb15a04000 	C:\WINDOWS\System32\KERNEL32.DLL
0x00007ffb13b00000 - 0x00007ffb13ea6000 	C:\WINDOWS\System32\KERNELBASE.dll
0x00007ffb14140000 - 0x00007ffb14251000 	C:\WINDOWS\System32\ucrtbase.dll
0x00007ffb0d890000 - 0x00007ffb0d8a7000 	C:\Users\abch9\.jdks\corretto-17.0.5\bin\jli.dll
0x00007ffb0d900000 - 0x00007ffb0d915000 	C:\Users\abch9\.jdks\corretto-17.0.5\bin\VCRUNTIME140.dll
0x00007ffb16320000 - 0x00007ffb164ce000 	C:\WINDOWS\System32\USER32.dll
0x00007ffafeab0000 - 0x00007ffafed43000 	C:\WINDOWS\WinSxS\amd64_microsoft.windows.common-controls_6595b64144ccf1df_6.0.22621.2506_none_270c5ae97388e100\COMCTL32.dll
0x00007ffb149e0000 - 0x00007ffb14a87000 	C:\WINDOWS\System32\msvcrt.dll
0x00007ffb13ad0000 - 0x00007ffb13af6000 	C:\WINDOWS\System32\win32u.dll
0x00007ffb15a60000 - 0x00007ffb15a89000 	C:\WINDOWS\System32\GDI32.dll
0x00007ffb14020000 - 0x00007ffb14138000 	C:\WINDOWS\System32\gdi32full.dll
0x00007ffb13a00000 - 0x00007ffb13a9a000 	C:\WINDOWS\System32\msvcp_win.dll
0x00007ffb15a10000 - 0x00007ffb15a41000 	C:\WINDOWS\System32\IMM32.DLL
0x00007ffaf70a0000 - 0x00007ffaf713b000 	C:\Users\abch9\.jdks\corretto-17.0.5\bin\msvcp140.dll
0x00007ffa937b0000 - 0x00007ffa943c4000 	C:\Users\abch9\.jdks\corretto-17.0.5\bin\server\jvm.dll
0x00007ffb14bf0000 - 0x00007ffb14ca3000 	C:\WINDOWS\System32\ADVAPI32.dll
0x00007ffb14cb0000 - 0x00007ffb14d58000 	C:\WINDOWS\System32\sechost.dll
0x00007ffb13aa0000 - 0x00007ffb13ac8000 	C:\WINDOWS\System32\bcrypt.dll
0x00007ffb148c0000 - 0x00007ffb149d7000 	C:\WINDOWS\System32\RPCRT4.dll
0x00007ffb0c930000 - 0x00007ffb0c964000 	C:\WINDOWS\SYSTEM32\WINMM.dll
0x00007ffade140000 - 0x00007ffade149000 	C:\WINDOWS\SYSTEM32\WSOCK32.dll
0x00007ffb14780000 - 0x00007ffb147f1000 	C:\WINDOWS\System32\WS2_32.dll
0x00007ffb091d0000 - 0x00007ffb091da000 	C:\WINDOWS\SYSTEM32\VERSION.dll
0x00007ffb12840000 - 0x00007ffb12858000 	C:\WINDOWS\SYSTEM32\kernel.appcore.dll
0x00007ffb0ca30000 - 0x00007ffb0ca3a000 	C:\Users\abch9\.jdks\corretto-17.0.5\bin\jimage.dll
0x00007ffb111c0000 - 0x00007ffb113f3000 	C:\WINDOWS\SYSTEM32\DBGHELP.DLL
0x00007ffb15af0000 - 0x00007ffb15e79000 	C:\WINDOWS\System32\combase.dll
0x00007ffb15860000 - 0x00007ffb15937000 	C:\WINDOWS\System32\OLEAUT32.dll
0x00007ffaf6790000 - 0x00007ffaf67c2000 	C:\WINDOWS\SYSTEM32\dbgcore.DLL
0x00007ffb138c0000 - 0x00007ffb1393a000 	C:\WINDOWS\System32\bcryptPrimitives.dll
0x00007ffb0ca20000 - 0x00007ffb0ca2e000 	C:\Users\abch9\.jdks\corretto-17.0.5\bin\instrument.dll
0x00007ffb04110000 - 0x00007ffb04135000 	C:\Users\abch9\.jdks\corretto-17.0.5\bin\java.dll
0x00007ffae8770000 - 0x00007ffae8846000 	C:\Users\abch9\.jdks\corretto-17.0.5\bin\jsvml.dll
0x00007ffb14ff0000 - 0x00007ffb1584a000 	C:\WINDOWS\System32\SHELL32.dll
0x00007ffb11750000 - 0x00007ffb12046000 	C:\WINDOWS\SYSTEM32\windows.storage.dll
0x00007ffb11610000 - 0x00007ffb1174e000 	C:\WINDOWS\SYSTEM32\wintypes.dll
0x00007ffb14a90000 - 0x00007ffb14b83000 	C:\WINDOWS\System32\SHCORE.dll
0x00007ffb15a90000 - 0x00007ffb15aee000 	C:\WINDOWS\System32\shlwapi.dll
0x00007ffb13780000 - 0x00007ffb137a6000 	C:\WINDOWS\SYSTEM32\profapi.dll
0x00007ffb0ca00000 - 0x00007ffb0ca18000 	C:\Users\abch9\.jdks\corretto-17.0.5\bin\zip.dll
0x00007ffb05a20000 - 0x00007ffb05a39000 	C:\Users\abch9\.jdks\corretto-17.0.5\bin\net.dll
0x00007ffb0d920000 - 0x00007ffb0da57000 	C:\WINDOWS\SYSTEM32\WINHTTP.dll
0x00007ffb12cb0000 - 0x00007ffb12d19000 	C:\WINDOWS\system32\mswsock.dll
0x00007ffb04360000 - 0x00007ffb04375000 	C:\Users\abch9\.jdks\corretto-17.0.5\bin\nio.dll
0x00007ffb042f0000 - 0x00007ffb04300000 	C:\Users\abch9\.jdks\corretto-17.0.5\bin\verify.dll
0x00007ffb05a40000 - 0x00007ffb05a67000 	C:\Users\abch9\.gradle\native\c067742578af261105cb4f569cf0c3c89f3d7b1fecec35dd04571415982c5e48\windows-amd64\native-platform.dll
0x00007ffaf7530000 - 0x00007ffaf7674000 	C:\Users\abch9\.gradle\native\38dada09dfb8b06ba9b0570ebf7e218e3eb74d4ef43ca46872605cf95ebc2f47\windows-amd64\native-platform-file-events.dll
0x00007ffb042e0000 - 0x00007ffb042e9000 	C:\Users\abch9\.jdks\corretto-17.0.5\bin\management.dll
0x00007ffb041b0000 - 0x00007ffb041bb000 	C:\Users\abch9\.jdks\corretto-17.0.5\bin\management_ext.dll
0x00007ffb14f00000 - 0x00007ffb14f08000 	C:\WINDOWS\System32\PSAPI.DLL
0x00007ffb12fa0000 - 0x00007ffb12fbb000 	C:\WINDOWS\SYSTEM32\CRYPTSP.dll
0x00007ffb127a0000 - 0x00007ffb127d5000 	C:\WINDOWS\system32\rsaenh.dll
0x00007ffb12d50000 - 0x00007ffb12d7c000 	C:\WINDOWS\SYSTEM32\USERENV.dll
0x00007ffb12eb0000 - 0x00007ffb12ebc000 	C:\WINDOWS\SYSTEM32\CRYPTBASE.dll
0x00007ffb12340000 - 0x00007ffb1236d000 	C:\WINDOWS\SYSTEM32\IPHLPAPI.DLL
0x00007ffb14800000 - 0x00007ffb14809000 	C:\WINDOWS\System32\NSI.dll
0x00007ffb0d7c0000 - 0x00007ffb0d7d9000 	C:\WINDOWS\SYSTEM32\dhcpcsvc6.DLL
0x00007ffb0d7a0000 - 0x00007ffb0d7bf000 	C:\WINDOWS\SYSTEM32\dhcpcsvc.DLL
0x00007ffb12370000 - 0x00007ffb12469000 	C:\WINDOWS\SYSTEM32\DNSAPI.dll
0x00007ffb041a0000 - 0x00007ffb041ae000 	C:\Users\abch9\.jdks\corretto-17.0.5\bin\sunmscapi.dll
0x00007ffb13eb0000 - 0x00007ffb14016000 	C:\WINDOWS\System32\CRYPT32.dll
0x00007ffb13110000 - 0x00007ffb1313e000 	C:\WINDOWS\SYSTEM32\ncrypt.dll
0x00007ffb130b0000 - 0x00007ffb130e7000 	C:\WINDOWS\SYSTEM32\NTASN1.dll
0x00007ffaee110000 - 0x00007ffaee118000 	C:\WINDOWS\system32\wshunix.dll
0x00007ffb0e570000 - 0x00007ffb0e587000 	C:\WINDOWS\system32\napinsp.dll
0x00007ffb0e550000 - 0x00007ffb0e56b000 	C:\WINDOWS\system32\pnrpnsp.dll
0x00007ffb0e530000 - 0x00007ffb0e541000 	C:\WINDOWS\System32\winrnr.dll
0x00007ffaf3210000 - 0x00007ffaf3225000 	C:\WINDOWS\system32\wshbth.dll
0x00007ffaefe00000 - 0x00007ffaefe21000 	C:\WINDOWS\system32\nlansp_c.dll
0x00007ffb0ae50000 - 0x00007ffb0ae5a000 	C:\Windows\System32\rasadhlp.dll
0x00007ffb0c650000 - 0x00007ffb0c6d3000 	C:\WINDOWS\System32\fwpuclnt.dll

dbghelp: loaded successfully - version: 4.0.5 - missing functions: none
symbol engine: initialized successfully - sym options: 0x614 - pdb path: .;C:\Users\abch9\.jdks\corretto-17.0.5\bin;C:\WINDOWS\SYSTEM32;C:\WINDOWS\WinSxS\amd64_microsoft.windows.common-controls_6595b64144ccf1df_6.0.22621.2506_none_270c5ae97388e100;C:\Users\abch9\.jdks\corretto-17.0.5\bin\server;C:\Users\abch9\.gradle\native\c067742578af261105cb4f569cf0c3c89f3d7b1fecec35dd04571415982c5e48\windows-amd64;C:\Users\abch9\.gradle\native\38dada09dfb8b06ba9b0570ebf7e218e3eb74d4ef43ca46872605cf95ebc2f47\windows-amd64

VM Arguments:
jvm_args: --add-opens=java.base/java.util=ALL-UNNAMED --add-opens=java.base/java.lang=ALL-UNNAMED --add-opens=java.base/java.lang.invoke=ALL-UNNAMED --add-opens=java.prefs/java.util.prefs=ALL-UNNAMED --add-opens=java.base/java.nio.charset=ALL-UNNAMED --add-opens=java.base/java.net=ALL-UNNAMED --add-opens=java.base/java.util.concurrent.atomic=ALL-UNNAMED -XX:MaxMetaspaceSize=384m -XX:+HeapDumpOnOutOfMemoryError -Xms256m -Xmx512m -Dfile.encoding=windows-31j -Duser.country=JP -Duser.language=ja -Duser.variant -javaagent:C:\Users\abch9\.gradle\wrapper\dists\gradle-8.5-bin\5t9huq95ubn472n8rpzujfbqh\gradle-8.5\lib\agents\gradle-instrumentation-agent-8.5.jar 
java_command: org.gradle.launcher.daemon.bootstrap.GradleDaemon 8.5
java_class_path (initial): C:\Users\abch9\.gradle\wrapper\dists\gradle-8.5-bin\5t9huq95ubn472n8rpzujfbqh\gradle-8.5\lib\gradle-launcher-8.5.jar
Launcher Type: SUN_STANDARD

[Global flags]
     intx CICompilerCount                          = 4                                         {product} {ergonomic}
   size_t CompressedClassSpaceSize                 = 322961408                                 {product} {ergonomic}
     uint ConcGCThreads                            = 2                                         {product} {ergonomic}
     uint G1ConcRefinementThreads                  = 8                                         {product} {ergonomic}
   size_t G1HeapRegionSize                         = 1048576                                   {product} {ergonomic}
    uintx GCDrainStackTargetSize                   = 64                                        {product} {ergonomic}
     bool HeapDumpOnOutOfMemoryError               = true                                   {manageable} {command line}
   size_t InitialHeapSize                          = 268435456                                 {product} {command line}
   size_t MarkStackSize                            = 4194304                                   {product} {ergonomic}
   size_t MaxHeapSize                              = 536870912                                 {product} {command line}
   size_t MaxMetaspaceSize                         = 402653184                                 {product} {command line}
   size_t MaxNewSize                               = 321912832                                 {product} {ergonomic}
   size_t MinHeapDeltaBytes                        = 1048576                                   {product} {ergonomic}
   size_t MinHeapSize                              = 268435456                                 {product} {command line}
    uintx NonNMethodCodeHeapSize                   = 5839372                                {pd product} {ergonomic}
    uintx NonProfiledCodeHeapSize                  = 122909434                              {pd product} {ergonomic}
    uintx ProfiledCodeHeapSize                     = 122909434                              {pd product} {ergonomic}
    uintx ReservedCodeCacheSize                    = 251658240                              {pd product} {ergonomic}
     bool SegmentedCodeCache                       = true                                      {product} {ergonomic}
   size_t SoftMaxHeapSize                          = 536870912                              {manageable} {ergonomic}
     bool UseCompressedClassPointers               = true                           {product lp64_product} {ergonomic}
     bool UseCompressedOops                        = true                           {product lp64_product} {ergonomic}
     bool UseG1GC                                  = true                                      {product} {ergonomic}
     bool UseLargePagesIndividualAllocation        = false                                  {pd product} {ergonomic}

Logging:
Log output configuration:
 #0: stdout all=warning uptime,level,tags
 #1: stderr all=off uptime,level,tags

Environment Variables:
JAVA_HOME=C:\Program Files\Amazon Corretto\jdk17.0.5_8
PATH=C:\Program Files\Amazon Corretto\jdk17.0.5_8\bin;C:\WINDOWS\system32;C:\WINDOWS;C:\WINDOWS\System32\Wbem;C:\WINDOWS\System32\WindowsPowerShell\v1.0\;C:\WINDOWS\System32\OpenSSH\;C:\Program Files\Git\cmd;C:\Program Files\Docker\Docker\resources\bin;C:\ProgramData\DockerDesktop\version-bin;C:\Program Files\Go\bin;C:\Program Files\nodejs\;C:\Users\abch9\AppData\Local\Microsoft\WindowsApps;C:\Users\abch9\AppData\Local\Programs\Microsoft VS Code\bin;C:\Users\abch9\go\bin;C:\Users\abch9\AppData\Roaming\npm;C:\Users\abch9\AppData\Local\JetBrains\Toolbox\scripts;%USERPROFILE%\AppData\Local\Microsoft\WindowsApps
USERNAME=abch9
OS=Windows_NT
PROCESSOR_IDENTIFIER=AMD64 Family 23 Model 24 Stepping 1, AuthenticAMD
TMP=C:\Users\abch9\AppData\Local\Temp
TEMP=C:\Users\abch9\AppData\Local\Temp



---------------  S Y S T E M  ---------------

OS:
 Windows 11 , 64 bit Build 22621 (10.0.22621.2506)
OS uptime: 0 days 2:35 hours
Hyper-V role detected

CPU: total 8 (initial active 8) (8 cores per cpu, 2 threads per core) family 23 model 24 stepping 1 microcode 0x0, cx8, cmov, fxsr, ht, mmx, 3dnowpref, sse, sse2, sse3, ssse3, sse4a, sse4.1, sse4.2, popcnt, lzcnt, tsc, tscinvbit, avx, avx2, aes, clmul, bmi1, bmi2, adx, sha, fma, vzeroupper, clflush, clflushopt, hv

Memory: 4k page, system-wide physical 6119M (201M free)
TotalPageFile size 14697M (AvailPageFile size 1M)
current process WorkingSet (physical memory assigned to process): 450M, peak: 495M
current process commit charge ("private bytes"): 589M, peak: 591M

vm_info: OpenJDK 64-Bit Server VM (17.0.5+8-LTS) for windows-amd64 JRE (17.0.5+8-LTS), built on Oct 13 2022 05:18:14 by "Administrator" with MS VC++ 15.9 (VS2017)

END.
